[01m[K/home/muratbolu/catkin_ws/src/gazebo_plugin_exercises/src/wheelbarrow_plugin.cpp:[m[K In member function ‘[01m[Kvirtual void gazebo::WheelbarrowPlugin::Load(gazebo::physics::ModelPtr, sdf::v9::ElementPtr)[m[K’:
[01m[K/home/muratbolu/catkin_ws/src/gazebo_plugin_exercises/src/wheelbarrow_plugin.cpp:66:130:[m[K [01;31m[Kerror: [m[Kno matching function for call to ‘[01m[Kros::NodeHandle::subscribe(std::__cxx11::basic_string<char>, void (gazebo::WheelbarrowPlugin::*)(const ConstPtr&), gazebo::WheelbarrowPlugin*)[m[K’
   66 |             this->rosSub = this->rosNode->subscribe("/" + this->model->GetName() + "/vel_cmd", &WheelbarrowPlugin::OnRosMsg, this[01;31m[K)[m[K;
      |                                                                                                                                  [01;31m[K^[m[K
In file included from [01m[K/opt/ros/noetic/include/ros/ros.h:45[m[K,
                 from [01m[K/home/muratbolu/catkin_ws/src/gazebo_plugin_exercises/src/wheelbarrow_plugin.cpp:9[m[K:
[01m[K/opt/ros/noetic/include/ros/node_handle.h:402:14:[m[K [01;36m[Knote: [m[Kcandidate: ‘[01m[Ktemplate<class M, class T> ros::Subscriber ros::NodeHandle::subscribe(const string&, uint32_t, void (T::*)(M), T*, const ros::TransportHints&)[m[K’
  402 |   Subscriber [01;36m[Ksubscribe[m[K(const std::string& topic, uint32_t queue_size, void(T::*fp)(M), T* obj,
      |              [01;36m[K^~~~~~~~~[m[K
[01m[K/opt/ros/noetic/include/ros/node_handle.h:402:14:[m[K [01;36m[Knote: [m[K  template argument deduction/substitution failed:
[01m[K/home/muratbolu/catkin_ws/src/gazebo_plugin_exercises/src/wheelbarrow_plugin.cpp:66:130:[m[K [01;36m[Knote: [m[K  mismatched types ‘[01m[Kvoid (T::*)(M)[m[K’ and ‘[01m[Kgazebo::WheelbarrowPlugin*[m[K’
   66 |             this->rosSub = this->rosNode->subscribe("/" + this->model->GetName() + "/vel_cmd", &WheelbarrowPlugin::OnRosMsg, this[01;36m[K)[m[K;
      |                                                                                                                                  [01;36m[K^[m[K
In file included from [01m[K/opt/ros/noetic/include/ros/ros.h:45[m[K,
                 from [01m[K/home/muratbolu/catkin_ws/src/gazebo_plugin_exercises/src/wheelbarrow_plugin.cpp:9[m[K:
[01m[K/opt/ros/noetic/include/ros/node_handle.h:413:14:[m[K [01;36m[Knote: [m[Kcandidate: ‘[01m[Ktemplate<class M, class T> ros::Subscriber ros::NodeHandle::subscribe(const string&, uint32_t, void (T::*)(M) const, T*, const ros::TransportHints&)[m[K’
  413 |   Subscriber [01;36m[Ksubscribe[m[K(const std::string& topic, uint32_t queue_size, void(T::*fp)(M) const, T* obj,
      |              [01;36m[K^~~~~~~~~[m[K
[01m[K/opt/ros/noetic/include/ros/node_handle.h:413:14:[m[K [01;36m[Knote: [m[K  template argument deduction/substitution failed:
[01m[K/home/muratbolu/catkin_ws/src/gazebo_plugin_exercises/src/wheelbarrow_plugin.cpp:66:130:[m[K [01;36m[Knote: [m[K  mismatched types ‘[01m[Kvoid (T::*)(M) const[m[K’ and ‘[01m[Kgazebo::WheelbarrowPlugin*[m[K’
   66 |             this->rosSub = this->rosNode->subscribe("/" + this->model->GetName() + "/vel_cmd", &WheelbarrowPlugin::OnRosMsg, this[01;36m[K)[m[K;
      |                                                                                                                                  [01;36m[K^[m[K
In file included from [01m[K/opt/ros/noetic/include/ros/ros.h:45[m[K,
                 from [01m[K/home/muratbolu/catkin_ws/src/gazebo_plugin_exercises/src/wheelbarrow_plugin.cpp:9[m[K:
[01m[K/opt/ros/noetic/include/ros/node_handle.h:465:14:[m[K [01;36m[Knote: [m[Kcandidate: ‘[01m[Ktemplate<class M, class T> ros::Subscriber ros::NodeHandle::subscribe(const string&, uint32_t, void (T::*)(const boost::shared_ptr<const T>&), T*, const ros::TransportHints&)[m[K’
  465 |   Subscriber [01;36m[Ksubscribe[m[K(const std::string& topic, uint32_t queue_size,
      |              [01;36m[K^~~~~~~~~[m[K
[01m[K/opt/ros/noetic/include/ros/node_handle.h:465:14:[m[K [01;36m[Knote: [m[K  template argument deduction/substitution failed:
[01m[K/home/muratbolu/catkin_ws/src/gazebo_plugin_exercises/src/wheelbarrow_plugin.cpp:66:130:[m[K [01;36m[Knote: [m[K  mismatched types ‘[01m[Kvoid (T::*)(const boost::shared_ptr<const T>&)[m[K’ and ‘[01m[Kgazebo::WheelbarrowPlugin*[m[K’
   66 |             this->rosSub = this->rosNode->subscribe("/" + this->model->GetName() + "/vel_cmd", &WheelbarrowPlugin::OnRosMsg, this[01;36m[K)[m[K;
      |                                                                                                                                  [01;36m[K^[m[K
In file included from [01m[K/opt/ros/noetic/include/ros/ros.h:45[m[K,
                 from [01m[K/home/muratbolu/catkin_ws/src/gazebo_plugin_exercises/src/wheelbarrow_plugin.cpp:9[m[K:
[01m[K/opt/ros/noetic/include/ros/node_handle.h:475:14:[m[K [01;36m[Knote: [m[Kcandidate: ‘[01m[Ktemplate<class M, class T> ros::Subscriber ros::NodeHandle::subscribe(const string&, uint32_t, void (T::*)(const boost::shared_ptr<const T>&) const, T*, const ros::TransportHints&)[m[K’
  475 |   Subscriber [01;36m[Ksubscribe[m[K(const std::string& topic, uint32_t queue_size,
      |              [01;36m[K^~~~~~~~~[m[K
[01m[K/opt/ros/noetic/include/ros/node_handle.h:475:14:[m[K [01;36m[Knote: [m[K  template argument deduction/substitution failed:
[01m[K/home/muratbolu/catkin_ws/src/gazebo_plugin_exercises/src/wheelbarrow_plugin.cpp:66:130:[m[K [01;36m[Knote: [m[K  mismatched types ‘[01m[Kvoid (T::*)(const boost::shared_ptr<const T>&) const[m[K’ and ‘[01m[Kgazebo::WheelbarrowPlugin*[m[K’
   66 |             this->rosSub = this->rosNode->subscribe("/" + this->model->GetName() + "/vel_cmd", &WheelbarrowPlugin::OnRosMsg, this[01;36m[K)[m[K;
      |                                                                                                                                  [01;36m[K^[m[K
In file included from [01m[K/opt/ros/noetic/include/ros/ros.h:45[m[K,
                 from [01m[K/home/muratbolu/catkin_ws/src/gazebo_plugin_exercises/src/wheelbarrow_plugin.cpp:9[m[K:
[01m[K/opt/ros/noetic/include/ros/node_handle.h:529:14:[m[K [01;36m[Knote: [m[Kcandidate: ‘[01m[Ktemplate<class M, class T> ros::Subscriber ros::NodeHandle::subscribe(const string&, uint32_t, void (T::*)(M), const boost::shared_ptr<U>&, const ros::TransportHints&)[m[K’
  529 |   Subscriber [01;36m[Ksubscribe[m[K(const std::string& topic, uint32_t queue_size, void(T::*fp)(M),
      |              [01;36m[K^~~~~~~~~[m[K
[01m[K/opt/ros/noetic/include/ros/node_handle.h:529:14:[m[K [01;36m[Knote: [m[K  template argument deduction/substitution failed:
[01m[K/home/muratbolu/catkin_ws/src/gazebo_plugin_exercises/src/wheelbarrow_plugin.cpp:66:130:[m[K [01;36m[Knote: [m[K  mismatched types ‘[01m[Kvoid (T::*)(M)[m[K’ and ‘[01m[Kgazebo::WheelbarrowPlugin*[m[K’
   66 |             this->rosSub = this->rosNode->subscribe("/" + this->model->GetName() + "/vel_cmd", &WheelbarrowPlugin::OnRosMsg, this[01;36m[K)[m[K;
      |                                                                                                                                  [01;36m[K^[m[K
In file included from [01m[K/opt/ros/noetic/include/ros/ros.h:45[m[K,
                 from [01m[K/home/muratbolu/catkin_ws/src/gazebo_plugin_exercises/src/wheelbarrow_plugin.cpp:9[m[K:
[01m[K/opt/ros/noetic/include/ros/node_handle.h:540:14:[m[K [01;36m[Knote: [m[Kcandidate: ‘[01m[Ktemplate<class M, class T> ros::Subscriber ros::NodeHandle::subscribe(const string&, uint32_t, void (T::*)(M) const, const boost::shared_ptr<U>&, const ros::TransportHints&)[m[K’
  540 |   Subscriber [01;36m[Ksubscribe[m[K(const std::string& topic, uint32_t queue_size, void(T::*fp)(M) const,
      |              [01;36m[K^~~~~~~~~[m[K
[01m[K/opt/ros/noetic/include/ros/node_handle.h:540:14:[m[K [01;36m[Knote: [m[K  template argument deduction/substitution failed:
[01m[K/home/muratbolu/catkin_ws/src/gazebo_plugin_exercises/src/wheelbarrow_plugin.cpp:66:130:[m[K [01;36m[Knote: [m[K  mismatched types ‘[01m[Kvoid (T::*)(M) const[m[K’ and ‘[01m[Kgazebo::WheelbarrowPlugin*[m[K’
   66 |             this->rosSub = this->rosNode->subscribe("/" + this->model->GetName() + "/vel_cmd", &WheelbarrowPlugin::OnRosMsg, this[01;36m[K)[m[K;
      |                                                                                                                                  [01;36m[K^[m[K
In file included from [01m[K/opt/ros/noetic/include/ros/ros.h:45[m[K,
                 from [01m[K/home/muratbolu/catkin_ws/src/gazebo_plugin_exercises/src/wheelbarrow_plugin.cpp:9[m[K:
[01m[K/opt/ros/noetic/include/ros/node_handle.h:594:14:[m[K [01;36m[Knote: [m[Kcandidate: ‘[01m[Ktemplate<class M, class T> ros::Subscriber ros::NodeHandle::subscribe(const string&, uint32_t, void (T::*)(const boost::shared_ptr<const T>&), const boost::shared_ptr<U>&, const ros::TransportHints&)[m[K’
  594 |   Subscriber [01;36m[Ksubscribe[m[K(const std::string& topic, uint32_t queue_size,
      |              [01;36m[K^~~~~~~~~[m[K
[01m[K/opt/ros/noetic/include/ros/node_handle.h:594:14:[m[K [01;36m[Knote: [m[K  template argument deduction/substitution failed:
[01m[K/home/muratbolu/catkin_ws/src/gazebo_plugin_exercises/src/wheelbarrow_plugin.cpp:66:130:[m[K [01;36m[Knote: [m[K  mismatched types ‘[01m[Kvoid (T::*)(const boost::shared_ptr<const T>&)[m[K’ and ‘[01m[Kgazebo::WheelbarrowPlugin*[m[K’
   66 |             this->rosSub = this->rosNode->subscribe("/" + this->model->GetName() + "/vel_cmd", &WheelbarrowPlugin::OnRosMsg, this[01;36m[K)[m[K;
      |                                                                                                                                  [01;36m[K^[m[K
In file included from [01m[K/opt/ros/noetic/include/ros/ros.h:45[m[K,
                 from [01m[K/home/muratbolu/catkin_ws/src/gazebo_plugin_exercises/src/wheelbarrow_plugin.cpp:9[m[K:
[01m[K/opt/ros/noetic/include/ros/node_handle.h:605:14:[m[K [01;36m[Knote: [m[Kcandidate: ‘[01m[Ktemplate<class M, class T> ros::Subscriber ros::NodeHandle::subscribe(const string&, uint32_t, void (T::*)(const boost::shared_ptr<const T>&) const, const boost::shared_ptr<U>&, const ros::TransportHints&)[m[K’
  605 |   Subscriber [01;36m[Ksubscribe[m[K(const std::string& topic, uint32_t queue_size,
      |              [01;36m[K^~~~~~~~~[m[K
[01m[K/opt/ros/noetic/include/ros/node_handle.h:605:14:[m[K [01;36m[Knote: [m[K  template argument deduction/substitution failed:
[01m[K/home/muratbolu/catkin_ws/src/gazebo_plugin_exercises/src/wheelbarrow_plugin.cpp:66:130:[m[K [01;36m[Knote: [m[K  mismatched types ‘[01m[Kvoid (T::*)(const boost::shared_ptr<const T>&) const[m[K’ and ‘[01m[Kgazebo::WheelbarrowPlugin*[m[K’
   66 |             this->rosSub = this->rosNode->subscribe("/" + this->model->GetName() + "/vel_cmd", &WheelbarrowPlugin::OnRosMsg, this[01;36m[K)[m[K;
      |                                                                                                                                  [01;36m[K^[m[K
In file included from [01m[K/opt/ros/noetic/include/ros/ros.h:45[m[K,
                 from [01m[K/home/muratbolu/catkin_ws/src/gazebo_plugin_exercises/src/wheelbarrow_plugin.cpp:9[m[K:
[01m[K/opt/ros/noetic/include/ros/node_handle.h:656:14:[m[K [01;36m[Knote: [m[Kcandidate: ‘[01m[Ktemplate<class M> ros::Subscriber ros::NodeHandle::subscribe(const string&, uint32_t, void (*)(M), const ros::TransportHints&)[m[K’
  656 |   Subscriber [01;36m[Ksubscribe[m[K(const std::string& topic, uint32_t queue_size, void(*fp)(M), const TransportHints& transport_hints = TransportHints())
      |              [01;36m[K^~~~~~~~~[m[K
[01m[K/opt/ros/noetic/include/ros/node_handle.h:656:14:[m[K [01;36m[Knote: [m[K  template argument deduction/substitution failed:
[01m[K/home/muratbolu/catkin_ws/src/gazebo_plugin_exercises/src/wheelbarrow_plugin.cpp:66:130:[m[K [01;36m[Knote: [m[K  mismatched types ‘[01m[Kvoid(M)[m[K’ and ‘[01m[Kgazebo::WheelbarrowPlugin[m[K’
   66 |             this->rosSub = this->rosNode->subscribe("/" + this->model->GetName() + "/vel_cmd", &WheelbarrowPlugin::OnRosMsg, this[01;36m[K)[m[K;
      |                                                                                                                                  [01;36m[K^[m[K
In file included from [01m[K/opt/ros/noetic/include/ros/ros.h:45[m[K,
                 from [01m[K/home/muratbolu/catkin_ws/src/gazebo_plugin_exercises/src/wheelbarrow_plugin.cpp:9[m[K:
[01m[K/opt/ros/noetic/include/ros/node_handle.h:704:14:[m[K [01;36m[Knote: [m[Kcandidate: ‘[01m[Ktemplate<class M> ros::Subscriber ros::NodeHandle::subscribe(const string&, uint32_t, void (*)(const boost::shared_ptr<const T>&), const ros::TransportHints&)[m[K’
  704 |   Subscriber [01;36m[Ksubscribe[m[K(const std::string& topic, uint32_t queue_size, void(*fp)(const boost::shared_ptr<M const>&), const TransportHints& transport_hints = TransportHints())
      |              [01;36m[K^~~~~~~~~[m[K
[01m[K/opt/ros/noetic/include/ros/node_handle.h:704:14:[m[K [01;36m[Knote: [m[K  template argument deduction/substitution failed:
[01m[K/home/muratbolu/catkin_ws/src/gazebo_plugin_exercises/src/wheelbarrow_plugin.cpp:66:130:[m[K [01;36m[Knote: [m[K  mismatched types ‘[01m[Kvoid(const boost::shared_ptr<const T>&)[m[K’ and ‘[01m[Kgazebo::WheelbarrowPlugin[m[K’
   66 |             this->rosSub = this->rosNode->subscribe("/" + this->model->GetName() + "/vel_cmd", &WheelbarrowPlugin::OnRosMsg, this[01;36m[K)[m[K;
      |                                                                                                                                  [01;36m[K^[m[K
In file included from [01m[K/opt/ros/noetic/include/ros/ros.h:45[m[K,
                 from [01m[K/home/muratbolu/catkin_ws/src/gazebo_plugin_exercises/src/wheelbarrow_plugin.cpp:9[m[K:
[01m[K/opt/ros/noetic/include/ros/node_handle.h:750:14:[m[K [01;36m[Knote: [m[Kcandidate: ‘[01m[Ktemplate<class M> ros::Subscriber ros::NodeHandle::subscribe(const string&, uint32_t, const boost::function<void(const boost::shared_ptr<const T>&)>&, const VoidConstPtr&, const ros::TransportHints&)[m[K’
  750 |   Subscriber [01;36m[Ksubscribe[m[K(const std::string& topic, uint32_t queue_size, const boost::function<void (const boost::shared_ptr<M const>&)>& callback,
      |              [01;36m[K^~~~~~~~~[m[K
[01m[K/opt/ros/noetic/include/ros/node_handle.h:750:14:[m[K [01;36m[Knote: [m[K  template argument deduction/substitution failed:
[01m[K/home/muratbolu/catkin_ws/src/gazebo_plugin_exercises/src/wheelbarrow_plugin.cpp:66:130:[m[K [01;36m[Knote: [m[K  mismatched types ‘[01m[Kconst boost::function<void(const boost::shared_ptr<const T>&)>[m[K’ and ‘[01m[Kgazebo::WheelbarrowPlugin*[m[K’
   66 |             this->rosSub = this->rosNode->subscribe("/" + this->model->GetName() + "/vel_cmd", &WheelbarrowPlugin::OnRosMsg, this[01;36m[K)[m[K;
      |                                                                                                                                  [01;36m[K^[m[K
In file included from [01m[K/opt/ros/noetic/include/ros/ros.h:45[m[K,
                 from [01m[K/home/muratbolu/catkin_ws/src/gazebo_plugin_exercises/src/wheelbarrow_plugin.cpp:9[m[K:
[01m[K/opt/ros/noetic/include/ros/node_handle.h:799:14:[m[K [01;36m[Knote: [m[Kcandidate: ‘[01m[Ktemplate<class M, class C> ros::Subscriber ros::NodeHandle::subscribe(const string&, uint32_t, const boost::function<void(C)>&, const VoidConstPtr&, const ros::TransportHints&)[m[K’
  799 |   Subscriber [01;36m[Ksubscribe[m[K(const std::string& topic, uint32_t queue_size, const boost::function<void (C)>& callback,
      |              [01;36m[K^~~~~~~~~[m[K
[01m[K/opt/ros/noetic/include/ros/node_handle.h:799:14:[m[K [01;36m[Knote: [m[K  template argument deduction/substitution failed:
[01m[K/home/muratbolu/catkin_ws/src/gazebo_plugin_exercises/src/wheelbarrow_plugin.cpp:66:130:[m[K [01;36m[Knote: [m[K  mismatched types ‘[01m[Kconst boost::function<void(C)>[m[K’ and ‘[01m[Kgazebo::WheelbarrowPlugin*[m[K’
   66 |             this->rosSub = this->rosNode->subscribe("/" + this->model->GetName() + "/vel_cmd", &WheelbarrowPlugin::OnRosMsg, this[01;36m[K)[m[K;
      |                                                                                                                                  [01;36m[K^[m[K
In file included from [01m[K/opt/ros/noetic/include/ros/ros.h:45[m[K,
                 from [01m[K/home/muratbolu/catkin_ws/src/gazebo_plugin_exercises/src/wheelbarrow_plugin.cpp:9[m[K:
[01m[K/opt/ros/noetic/include/ros/node_handle.h:836:14:[m[K [01;36m[Knote: [m[Kcandidate: ‘[01m[Kros::Subscriber ros::NodeHandle::subscribe(ros::SubscribeOptions&)[m[K’
  836 |   Subscriber [01;36m[Ksubscribe[m[K(SubscribeOptions& ops);
      |              [01;36m[K^~~~~~~~~[m[K
[01m[K/opt/ros/noetic/include/ros/node_handle.h:836:14:[m[K [01;36m[Knote: [m[K  candidate expects 1 argument, 3 provided
[01m[K/home/muratbolu/catkin_ws/src/gazebo_plugin_exercises/src/wheelbarrow_plugin.cpp:[m[K In member function ‘[01m[Kvoid gazebo::WheelbarrowPlugin::OnRosMsg(const ConstPtr&)[m[K’:
[01m[K/home/muratbolu/catkin_ws/src/gazebo_plugin_exercises/src/wheelbarrow_plugin.cpp:86:31:[m[K [01;31m[Kerror: [m[Kcannot convert ‘[01m[Kconst ConstPtr[m[K’ {aka ‘[01m[Kconst boost::shared_ptr<const geometry_msgs::Twist_<std::allocator<void> > >[m[K’} to ‘[01m[Kconst Twist&[m[K’ {aka ‘[01m[Kconst geometry_msgs::Twist_<std::allocator<void> >&[m[K’}
   86 |             this->SetVelocity([01;31m[K_msg[m[K);
      |                               [01;31m[K^~~~[m[K
      |                               [01;31m[K|[m[K
      |                               [01;31m[Kconst ConstPtr {aka const boost::shared_ptr<const geometry_msgs::Twist_<std::allocator<void> > >}[m[K
[01m[K/home/muratbolu/catkin_ws/src/gazebo_plugin_exercises/src/wheelbarrow_plugin.cpp:76:54:[m[K [01;36m[Knote: [m[K  initializing argument 1 of ‘[01m[Kvoid gazebo::WheelbarrowPlugin::SetVelocity(const Twist&)[m[K’
   76 |         void SetVelocity([01;36m[Kconst geometry_msgs::Twist &_vel[m[K) {
      |                          [01;36m[K~~~~~~~~~~~~~~~~~~~~~~~~~~~~^~~~[m[K
make[2]: *** [CMakeFiles/wheelbarrow_plugin.dir/build.make:63: CMakeFiles/wheelbarrow_plugin.dir/src/wheelbarrow_plugin.cpp.o] Error 1
make[1]: *** [CMakeFiles/Makefile2:756: CMakeFiles/wheelbarrow_plugin.dir/all] Error 2
make: *** [Makefile:141: all] Error 2
