In file included from [01m[K/usr/include/ignition/math6/ignition/math/Box.hh:23[m[K,
                 from [01m[K/usr/include/ignition/math6/ignition/math.hh:29[m[K,
                 from [01m[K/usr/include/sdformat-9.7/sdf/Param.hh:33[m[K,
                 from [01m[K/usr/include/sdformat-9.7/sdf/Element.hh:28[m[K,
                 from [01m[K/usr/include/sdformat-9.7/sdf/Actor.hh:25[m[K,
                 from [01m[K/usr/include/sdformat-9.7/sdf/sdf.hh:2[m[K,
                 from [01m[K/usr/include/gazebo-11/gazebo/common/Battery.hh:25[m[K,
                 from [01m[K/usr/include/gazebo-11/gazebo/common/common.hh:8[m[K,
                 from [01m[K/usr/include/gazebo-11/gazebo/gazebo_core.hh:19[m[K,
                 from [01m[K/usr/include/gazebo-11/gazebo/gazebo.hh:20[m[K,
                 from [01m[K/home/muratbolu/catkin_ws/src/gazebo_plugin_exercises/src/velodyne_plugin.cpp:4[m[K:
[01m[K/usr/include/ignition/math6/ignition/math/Plane.hh:133:20:[m[K [01;31m[Kerror: [m[K‘[01m[Koptional[m[K’ in namespace ‘[01m[Kstd[m[K’ does not name a template type
  133 |       public: std::[01;31m[Koptional[m[K<Vector3<T>> Intersection(
      |                    [01;31m[K^~~~~~~~[m[K
[01m[K/usr/include/ignition/math6/ignition/math/Plane.hh:133:15:[m[K [01;36m[Knote: [m[K‘[01m[Kstd::optional[m[K’ is only available from C++17 onwards
  133 |       public: [01;36m[Kstd[m[K::optional<Vector3<T>> Intersection(
      |               [01;36m[K^~~[m[K
In file included from [01m[K/usr/include/ignition/math6/ignition/math.hh:29[m[K,
                 from [01m[K/usr/include/sdformat-9.7/sdf/Param.hh:33[m[K,
                 from [01m[K/usr/include/sdformat-9.7/sdf/Element.hh:28[m[K,
                 from [01m[K/usr/include/sdformat-9.7/sdf/Actor.hh:25[m[K,
                 from [01m[K/usr/include/sdformat-9.7/sdf/sdf.hh:2[m[K,
                 from [01m[K/usr/include/gazebo-11/gazebo/common/Battery.hh:25[m[K,
                 from [01m[K/usr/include/gazebo-11/gazebo/common/common.hh:8[m[K,
                 from [01m[K/usr/include/gazebo-11/gazebo/gazebo_core.hh:19[m[K,
                 from [01m[K/usr/include/gazebo-11/gazebo/gazebo.hh:20[m[K,
                 from [01m[K/home/muratbolu/catkin_ws/src/gazebo_plugin_exercises/src/velodyne_plugin.cpp:4[m[K:
[01m[K/usr/include/ignition/math6/ignition/math/Box.hh:151:20:[m[K [01;31m[Kerror: [m[K‘[01m[Koptional[m[K’ in namespace ‘[01m[Kstd[m[K’ does not name a template type
  151 |       public: std::[01;31m[Koptional[m[K<Vector3<Precision>>
      |                    [01;31m[K^~~~~~~~[m[K
[01m[K/usr/include/ignition/math6/ignition/math/Box.hh:151:15:[m[K [01;36m[Knote: [m[K‘[01m[Kstd::optional[m[K’ is only available from C++17 onwards
  151 |       public: [01;36m[Kstd[m[K::optional<Vector3<Precision>>
      |               [01;36m[K^~~[m[K
In file included from [01m[K/usr/include/ignition/math6/ignition/math/Box.hh:224[m[K,
                 from [01m[K/usr/include/ignition/math6/ignition/math.hh:29[m[K,
                 from [01m[K/usr/include/sdformat-9.7/sdf/Param.hh:33[m[K,
                 from [01m[K/usr/include/sdformat-9.7/sdf/Element.hh:28[m[K,
                 from [01m[K/usr/include/sdformat-9.7/sdf/Actor.hh:25[m[K,
                 from [01m[K/usr/include/sdformat-9.7/sdf/sdf.hh:2[m[K,
                 from [01m[K/usr/include/gazebo-11/gazebo/common/Battery.hh:25[m[K,
                 from [01m[K/usr/include/gazebo-11/gazebo/common/common.hh:8[m[K,
                 from [01m[K/usr/include/gazebo-11/gazebo/gazebo_core.hh:19[m[K,
                 from [01m[K/usr/include/gazebo-11/gazebo/gazebo.hh:20[m[K,
                 from [01m[K/home/muratbolu/catkin_ws/src/gazebo_plugin_exercises/src/velodyne_plugin.cpp:4[m[K:
[01m[K/usr/include/ignition/math6/ignition/math/detail/Box.hh:237:6:[m[K [01;31m[Kerror: [m[K‘[01m[Koptional[m[K’ in namespace ‘[01m[Kstd[m[K’ does not name a template type
  237 | std::[01;31m[Koptional[m[K<Vector3<T>>
      |      [01;31m[K^~~~~~~~[m[K
[01m[K/usr/include/ignition/math6/ignition/math/detail/Box.hh:237:1:[m[K [01;36m[Knote: [m[K‘[01m[Kstd::optional[m[K’ is only available from C++17 onwards
  237 | [01;36m[Kstd[m[K::optional<Vector3<T>>
      | [01;36m[K^~~[m[K
In file included from [01m[K/usr/include/ignition/math6/ignition/math.hh:30[m[K,
                 from [01m[K/usr/include/sdformat-9.7/sdf/Param.hh:33[m[K,
                 from [01m[K/usr/include/sdformat-9.7/sdf/Element.hh:28[m[K,
                 from [01m[K/usr/include/sdformat-9.7/sdf/Actor.hh:25[m[K,
                 from [01m[K/usr/include/sdformat-9.7/sdf/sdf.hh:2[m[K,
                 from [01m[K/usr/include/gazebo-11/gazebo/common/Battery.hh:25[m[K,
                 from [01m[K/usr/include/gazebo-11/gazebo/common/common.hh:8[m[K,
                 from [01m[K/usr/include/gazebo-11/gazebo/gazebo_core.hh:19[m[K,
                 from [01m[K/usr/include/gazebo-11/gazebo/gazebo.hh:20[m[K,
                 from [01m[K/home/muratbolu/catkin_ws/src/gazebo_plugin_exercises/src/velodyne_plugin.cpp:4[m[K:
[01m[K/usr/include/ignition/math6/ignition/math/Capsule.hh:91:20:[m[K [01;31m[Kerror: [m[K‘[01m[Koptional[m[K’ in namespace ‘[01m[Kstd[m[K’ does not name a template type
   91 |       public: std::[01;31m[Koptional[m[K< MassMatrix3<Precision> > MassMatrix() const;
      |                    [01;31m[K^~~~~~~~[m[K
[01m[K/usr/include/ignition/math6/ignition/math/Capsule.hh:91:15:[m[K [01;36m[Knote: [m[K‘[01m[Kstd::optional[m[K’ is only available from C++17 onwards
   91 |       public: [01;36m[Kstd[m[K::optional< MassMatrix3<Precision> > MassMatrix() const;
      |               [01;36m[K^~~[m[K
In file included from [01m[K/usr/include/ignition/math6/ignition/math/Capsule.hh:149[m[K,
                 from [01m[K/usr/include/ignition/math6/ignition/math.hh:30[m[K,
                 from [01m[K/usr/include/sdformat-9.7/sdf/Param.hh:33[m[K,
                 from [01m[K/usr/include/sdformat-9.7/sdf/Element.hh:28[m[K,
                 from [01m[K/usr/include/sdformat-9.7/sdf/Actor.hh:25[m[K,
                 from [01m[K/usr/include/sdformat-9.7/sdf/sdf.hh:2[m[K,
                 from [01m[K/usr/include/gazebo-11/gazebo/common/Battery.hh:25[m[K,
                 from [01m[K/usr/include/gazebo-11/gazebo/common/common.hh:8[m[K,
                 from [01m[K/usr/include/gazebo-11/gazebo/gazebo_core.hh:19[m[K,
                 from [01m[K/usr/include/gazebo-11/gazebo/gazebo.hh:20[m[K,
                 from [01m[K/home/muratbolu/catkin_ws/src/gazebo_plugin_exercises/src/velodyne_plugin.cpp:4[m[K:
[01m[K/usr/include/ignition/math6/ignition/math/detail/Capsule.hh:100:6:[m[K [01;31m[Kerror: [m[K‘[01m[Koptional[m[K’ in namespace ‘[01m[Kstd[m[K’ does not name a template type
  100 | std::[01;31m[Koptional[m[K< MassMatrix3<T> > Capsule<T>::MassMatrix() const
      |      [01;31m[K^~~~~~~~[m[K
[01m[K/usr/include/ignition/math6/ignition/math/detail/Capsule.hh:100:1:[m[K [01;36m[Knote: [m[K‘[01m[Kstd::optional[m[K’ is only available from C++17 onwards
  100 | [01;36m[Kstd[m[K::optional< MassMatrix3<T> > Capsule<T>::MassMatrix() const
      | [01;36m[K^~~[m[K
In file included from [01m[K/usr/include/ignition/math6/ignition/math.hh:34[m[K,
                 from [01m[K/usr/include/sdformat-9.7/sdf/Param.hh:33[m[K,
                 from [01m[K/usr/include/sdformat-9.7/sdf/Element.hh:28[m[K,
                 from [01m[K/usr/include/sdformat-9.7/sdf/Actor.hh:25[m[K,
                 from [01m[K/usr/include/sdformat-9.7/sdf/sdf.hh:2[m[K,
                 from [01m[K/usr/include/gazebo-11/gazebo/common/Battery.hh:25[m[K,
                 from [01m[K/usr/include/gazebo-11/gazebo/common/common.hh:8[m[K,
                 from [01m[K/usr/include/gazebo-11/gazebo/gazebo_core.hh:19[m[K,
                 from [01m[K/usr/include/gazebo-11/gazebo/gazebo.hh:20[m[K,
                 from [01m[K/home/muratbolu/catkin_ws/src/gazebo_plugin_exercises/src/velodyne_plugin.cpp:4[m[K:
[01m[K/usr/include/ignition/math6/ignition/math/Ellipsoid.hh:77:20:[m[K [01;31m[Kerror: [m[K‘[01m[Koptional[m[K’ in namespace ‘[01m[Kstd[m[K’ does not name a template type
   77 |       public: std::[01;31m[Koptional[m[K< MassMatrix3<Precision> > MassMatrix() const;
      |                    [01;31m[K^~~~~~~~[m[K
[01m[K/usr/include/ignition/math6/ignition/math/Ellipsoid.hh:77:15:[m[K [01;36m[Knote: [m[K‘[01m[Kstd::optional[m[K’ is only available from C++17 onwards
   77 |       public: [01;36m[Kstd[m[K::optional< MassMatrix3<Precision> > MassMatrix() const;
      |               [01;36m[K^~~[m[K
In file included from [01m[K/usr/include/ignition/math6/ignition/math/Ellipsoid.hh:132[m[K,
                 from [01m[K/usr/include/ignition/math6/ignition/math.hh:34[m[K,
                 from [01m[K/usr/include/sdformat-9.7/sdf/Param.hh:33[m[K,
                 from [01m[K/usr/include/sdformat-9.7/sdf/Element.hh:28[m[K,
                 from [01m[K/usr/include/sdformat-9.7/sdf/Actor.hh:25[m[K,
                 from [01m[K/usr/include/sdformat-9.7/sdf/sdf.hh:2[m[K,
                 from [01m[K/usr/include/gazebo-11/gazebo/common/Battery.hh:25[m[K,
                 from [01m[K/usr/include/gazebo-11/gazebo/common/common.hh:8[m[K,
                 from [01m[K/usr/include/gazebo-11/gazebo/gazebo_core.hh:19[m[K,
                 from [01m[K/usr/include/gazebo-11/gazebo/gazebo.hh:20[m[K,
                 from [01m[K/home/muratbolu/catkin_ws/src/gazebo_plugin_exercises/src/velodyne_plugin.cpp:4[m[K:
[01m[K/usr/include/ignition/math6/ignition/math/detail/Ellipsoid.hh:77:6:[m[K [01;31m[Kerror: [m[K‘[01m[Koptional[m[K’ in namespace ‘[01m[Kstd[m[K’ does not name a template type
   77 | std::[01;31m[Koptional[m[K< MassMatrix3<T> > Ellipsoid<T>::MassMatrix() const
      |      [01;31m[K^~~~~~~~[m[K
[01m[K/usr/include/ignition/math6/ignition/math/detail/Ellipsoid.hh:77:1:[m[K [01;36m[Knote: [m[K‘[01m[Kstd::optional[m[K’ is only available from C++17 onwards
   77 | [01;36m[Kstd[m[K::optional< MassMatrix3<T> > Ellipsoid<T>::MassMatrix() const
      | [01;36m[K^~~[m[K
In file included from [01m[K/usr/include/ignition/math6/ignition/math.hh:60[m[K,
                 from [01m[K/usr/include/sdformat-9.7/sdf/Param.hh:33[m[K,
                 from [01m[K/usr/include/sdformat-9.7/sdf/Element.hh:28[m[K,
                 from [01m[K/usr/include/sdformat-9.7/sdf/Actor.hh:25[m[K,
                 from [01m[K/usr/include/sdformat-9.7/sdf/sdf.hh:2[m[K,
                 from [01m[K/usr/include/gazebo-11/gazebo/common/Battery.hh:25[m[K,
                 from [01m[K/usr/include/gazebo-11/gazebo/common/common.hh:8[m[K,
                 from [01m[K/usr/include/gazebo-11/gazebo/gazebo_core.hh:19[m[K,
                 from [01m[K/usr/include/gazebo-11/gazebo/gazebo.hh:20[m[K,
                 from [01m[K/home/muratbolu/catkin_ws/src/gazebo_plugin_exercises/src/velodyne_plugin.cpp:4[m[K:
[01m[K/usr/include/ignition/math6/ignition/math/Sphere.hh:109:20:[m[K [01;31m[Kerror: [m[K‘[01m[Koptional[m[K’ in namespace ‘[01m[Kstd[m[K’ does not name a template type
  109 |       public: std::[01;31m[Koptional[m[K<Vector3<Precision>>
      |                    [01;31m[K^~~~~~~~[m[K
[01m[K/usr/include/ignition/math6/ignition/math/Sphere.hh:109:15:[m[K [01;36m[Knote: [m[K‘[01m[Kstd::optional[m[K’ is only available from C++17 onwards
  109 |       public: [01;36m[Kstd[m[K::optional<Vector3<Precision>>
      |               [01;36m[K^~~[m[K
In file included from [01m[K/usr/include/ignition/math6/ignition/math/Sphere.hh:157[m[K,
                 from [01m[K/usr/include/ignition/math6/ignition/math.hh:60[m[K,
                 from [01m[K/usr/include/sdformat-9.7/sdf/Param.hh:33[m[K,
                 from [01m[K/usr/include/sdformat-9.7/sdf/Element.hh:28[m[K,
                 from [01m[K/usr/include/sdformat-9.7/sdf/Actor.hh:25[m[K,
                 from [01m[K/usr/include/sdformat-9.7/sdf/sdf.hh:2[m[K,
                 from [01m[K/usr/include/gazebo-11/gazebo/common/Battery.hh:25[m[K,
                 from [01m[K/usr/include/gazebo-11/gazebo/common/common.hh:8[m[K,
                 from [01m[K/usr/include/gazebo-11/gazebo/gazebo_core.hh:19[m[K,
                 from [01m[K/usr/include/gazebo-11/gazebo/gazebo.hh:20[m[K,
                 from [01m[K/home/muratbolu/catkin_ws/src/gazebo_plugin_exercises/src/velodyne_plugin.cpp:4[m[K:
[01m[K/usr/include/ignition/math6/ignition/math/detail/Sphere.hh:123:6:[m[K [01;31m[Kerror: [m[K‘[01m[Koptional[m[K’ in namespace ‘[01m[Kstd[m[K’ does not name a template type
  123 | std::[01;31m[Koptional[m[K<Vector3<T>>
      |      [01;31m[K^~~~~~~~[m[K
[01m[K/usr/include/ignition/math6/ignition/math/detail/Sphere.hh:123:1:[m[K [01;36m[Knote: [m[K‘[01m[Kstd::optional[m[K’ is only available from C++17 onwards
  123 | [01;36m[Kstd[m[K::optional<Vector3<T>>
      | [01;36m[K^~~[m[K
In file included from [01m[K/usr/include/sdformat-9.7/sdf/Element.hh:28[m[K,
                 from [01m[K/usr/include/sdformat-9.7/sdf/Actor.hh:25[m[K,
                 from [01m[K/usr/include/sdformat-9.7/sdf/sdf.hh:2[m[K,
                 from [01m[K/usr/include/gazebo-11/gazebo/common/Battery.hh:25[m[K,
                 from [01m[K/usr/include/gazebo-11/gazebo/common/common.hh:8[m[K,
                 from [01m[K/usr/include/gazebo-11/gazebo/gazebo_core.hh:19[m[K,
                 from [01m[K/usr/include/gazebo-11/gazebo/gazebo.hh:20[m[K,
                 from [01m[K/home/muratbolu/catkin_ws/src/gazebo_plugin_exercises/src/velodyne_plugin.cpp:4[m[K:
[01m[K/usr/include/sdformat-9.7/sdf/Param.hh:72:57:[m[K [01;31m[Kerror: [m[Kexpected constructor, destructor, or type conversion before ‘[01m[K;[m[K’ token
   72 |   template<class T> ParamStreamer(T) -> ParamStreamer<T>[01;31m[K;[m[K
      |                                                         [01;31m[K^[m[K
[01m[K/usr/include/sdformat-9.7/sdf/Param.hh:83:47:[m[K [01;31m[Kerror: [m[K‘[01m[Kvariant[m[K’ is not a member of ‘[01m[Kstd[m[K’
   83 |                            ParamStreamer<std::[01;31m[Kvariant[m[K<Ts...>> sv)
      |                                               [01;31m[K^~~~~~~[m[K
[01m[K/usr/include/sdformat-9.7/sdf/Param.hh:83:47:[m[K [01;36m[Knote: [m[K‘[01m[Kstd::variant[m[K’ is only available from C++17 onwards
[01m[K/usr/include/sdformat-9.7/sdf/Param.hh:83:47:[m[K [01;31m[Kerror: [m[K‘[01m[Kvariant[m[K’ is not a member of ‘[01m[Kstd[m[K’
[01m[K/usr/include/sdformat-9.7/sdf/Param.hh:83:47:[m[K [01;36m[Knote: [m[K‘[01m[Kstd::variant[m[K’ is only available from C++17 onwards
[01m[K/usr/include/sdformat-9.7/sdf/Param.hh:83:57:[m[K [01;31m[Kerror: [m[Kexpected parameter pack before ‘[01m[K...[m[K’
   83 |                            ParamStreamer<std::variant<Ts[01;31m[K...[m[K>> sv)
      |                                                         [01;31m[K^~~[m[K
[01m[K/usr/include/sdformat-9.7/sdf/Param.hh:83:57:[m[K [01;31m[Kerror: [m[Ktemplate argument 1 is invalid
[01m[K/usr/include/sdformat-9.7/sdf/Param.hh:83:47:[m[K [01;31m[Kerror: [m[K‘[01m[Kvariant[m[K’ is not a member of ‘[01m[Kstd[m[K’
   83 |                            ParamStreamer<std::[01;31m[Kvariant[m[K<Ts...>> sv)
      |                                               [01;31m[K^~~~~~~[m[K
[01m[K/usr/include/sdformat-9.7/sdf/Param.hh:83:47:[m[K [01;36m[Knote: [m[K‘[01m[Kstd::variant[m[K’ is only available from C++17 onwards
[01m[K/usr/include/sdformat-9.7/sdf/Param.hh:83:47:[m[K [01;31m[Kerror: [m[K‘[01m[Kvariant[m[K’ is not a member of ‘[01m[Kstd[m[K’
[01m[K/usr/include/sdformat-9.7/sdf/Param.hh:83:47:[m[K [01;36m[Knote: [m[K‘[01m[Kstd::variant[m[K’ is only available from C++17 onwards
[01m[K/usr/include/sdformat-9.7/sdf/Param.hh:83:57:[m[K [01;31m[Kerror: [m[Kexpected parameter pack before ‘[01m[K...[m[K’
   83 |                            ParamStreamer<std::variant<Ts[01;31m[K...[m[K>> sv)
      |                                                         [01;31m[K^~~[m[K
[01m[K/usr/include/sdformat-9.7/sdf/Param.hh:83:60:[m[K [01;31m[Kerror: [m[Ktemplate argument 1 is invalid
   83 |                            ParamStreamer<std::variant<Ts...[01;31m[K>>[m[K sv)
      |                                                            [01;31m[K^~[m[K
[01m[K/usr/include/sdformat-9.7/sdf/Param.hh:83:47:[m[K [01;31m[Kerror: [m[K‘[01m[Kvariant[m[K’ is not a member of ‘[01m[Kstd[m[K’
   83 |                            ParamStreamer<std::[01;31m[Kvariant[m[K<Ts...>> sv)
      |                                               [01;31m[K^~~~~~~[m[K
[01m[K/usr/include/sdformat-9.7/sdf/Param.hh:83:47:[m[K [01;36m[Knote: [m[K‘[01m[Kstd::variant[m[K’ is only available from C++17 onwards
[01m[K/usr/include/sdformat-9.7/sdf/Param.hh:83:47:[m[K [01;31m[Kerror: [m[K‘[01m[Kvariant[m[K’ is not a member of ‘[01m[Kstd[m[K’
[01m[K/usr/include/sdformat-9.7/sdf/Param.hh:83:47:[m[K [01;36m[Knote: [m[K‘[01m[Kstd::variant[m[K’ is only available from C++17 onwards
[01m[K/usr/include/sdformat-9.7/sdf/Param.hh:83:57:[m[K [01;31m[Kerror: [m[Kexpected parameter pack before ‘[01m[K...[m[K’
   83 |                            ParamStreamer<std::variant<Ts[01;31m[K...[m[K>> sv)
      |                                                         [01;31m[K^~~[m[K
[01m[K/usr/include/sdformat-9.7/sdf/Param.hh:83:60:[m[K [01;31m[Kerror: [m[Ktemplate argument 1 is invalid
   83 |                            ParamStreamer<std::variant<Ts...[01;31m[K>>[m[K sv)
      |                                                            [01;31m[K^~[m[K
[01m[K/usr/include/sdformat-9.7/sdf/Param.hh:83:28:[m[K [01;31m[Kerror: [m[K‘[01m[KParamStreamer[m[K’ is not a type
   83 |                            [01;31m[KParamStreamer[m[K<std::variant<Ts...>> sv)
      |                            [01;31m[K^~~~~~~~~~~~~[m[K
[01m[K/usr/include/sdformat-9.7/sdf/Param.hh:83:41:[m[K [01;31m[Kerror: [m[Kexpected ‘[01m[K,[m[K’ or ‘[01m[K...[m[K’ before ‘[01m[K<[m[K’ token
   83 |                            ParamStreamer[01;31m[K<[m[Kstd::variant<Ts...>> sv)
      |                                         [01;31m[K^[m[K
[01m[K/usr/include/sdformat-9.7/sdf/Param.hh:[m[K In function ‘[01m[Kstd::ostream& sdf::v9::operator<<(std::ostream&, int)[m[K’:
[01m[K/usr/include/sdformat-9.7/sdf/Param.hh:85:10:[m[K [01;31m[Kerror: [m[K‘[01m[Kvisit[m[K’ is not a member of ‘[01m[Kstd[m[K’
   85 |     std::[01;31m[Kvisit[m[K([&os](auto const &v)
      |          [01;31m[K^~~~~[m[K
[01m[K/usr/include/sdformat-9.7/sdf/Param.hh:85:10:[m[K [01;36m[Knote: [m[K‘[01m[Kstd::visit[m[K’ is only available from C++17 onwards
[01m[K/usr/include/sdformat-9.7/sdf/Param.hh:[m[K In lambda function:
[01m[K/usr/include/sdformat-9.7/sdf/Param.hh:87:28:[m[K [01;31m[Kerror: [m[Kmissing template arguments before ‘[01m[K{[m[K’ token
   87 |         os << ParamStreamer[01;31m[K{[m[Kv};
      |                            [01;31m[K^[m[K
[01m[K/usr/include/sdformat-9.7/sdf/Param.hh:[m[K In function ‘[01m[Kstd::ostream& sdf::v9::operator<<(std::ostream&, int)[m[K’:
[01m[K/usr/include/sdformat-9.7/sdf/Param.hh:88:10:[m[K [01;31m[Kerror: [m[K‘[01m[Ksv[m[K’ was not declared in this scope
   88 |       }, [01;31m[Ksv[m[K.val);
      |          [01;31m[K^~[m[K
[01m[K/usr/include/sdformat-9.7/sdf/Param.hh:[m[K At global scope:
[01m[K/usr/include/sdformat-9.7/sdf/Param.hh:173:30:[m[K [01;31m[Kerror: [m[K‘[01m[Kstd::any[m[K’ has not been declared
  173 |     public: bool GetAny(std::[01;31m[Kany[m[K &_anyVal) const;
      |                              [01;31m[K^~~[m[K
[01m[K/usr/include/sdformat-9.7/sdf/Param.hh:243:32:[m[K [01;31m[Kerror: [m[K‘[01m[Kany[m[K’ is not a member of ‘[01m[Kstd[m[K’
  243 |     public: std::function<std::[01;31m[Kany[m[K ()> updateFunc;
      |                                [01;31m[K^~~[m[K
[01m[K/usr/include/sdformat-9.7/sdf/Param.hh:243:32:[m[K [01;36m[Knote: [m[K‘[01m[Kstd::any[m[K’ is only available from C++17 onwards
[01m[K/usr/include/sdformat-9.7/sdf/Param.hh:243:32:[m[K [01;31m[Kerror: [m[K‘[01m[Kany[m[K’ is not a member of ‘[01m[Kstd[m[K’
[01m[K/usr/include/sdformat-9.7/sdf/Param.hh:243:32:[m[K [01;36m[Knote: [m[K‘[01m[Kstd::any[m[K’ is only available from C++17 onwards
[01m[K/usr/include/sdformat-9.7/sdf/Param.hh:243:38:[m[K [01;31m[Kerror: [m[Ktemplate argument 1 is invalid
  243 |     public: std::function<std::any ()[01;31m[K>[m[K updateFunc;
      |                                      [01;31m[K^[m[K
[01m[K/usr/include/sdformat-9.7/sdf/Param.hh:249:26:[m[K [01;31m[Kerror: [m[K‘[01m[Kvariant[m[K’ in namespace ‘[01m[Kstd[m[K’ does not name a template type
  249 |     public: typedef std::[01;31m[Kvariant[m[K<bool, char, std::string, int, std::uint64_t,
      |                          [01;31m[K^~~~~~~[m[K
[01m[K/usr/include/sdformat-9.7/sdf/Param.hh:249:21:[m[K [01;36m[Knote: [m[K‘[01m[Kstd::variant[m[K’ is only available from C++17 onwards
  249 |     public: typedef [01;36m[Kstd[m[K::variant<bool, char, std::string, int, std::uint64_t,
      |                     [01;36m[K^~~[m[K
[01m[K/usr/include/sdformat-9.7/sdf/Param.hh:260:13:[m[K [01;31m[Kerror: [m[K‘[01m[KParamVariant[m[K’ does not name a type
  260 |     public: [01;31m[KParamVariant[m[K value;
      |             [01;31m[K^~~~~~~~~~~~[m[K
[01m[K/usr/include/sdformat-9.7/sdf/Param.hh:263:13:[m[K [01;31m[Kerror: [m[K‘[01m[KParamVariant[m[K’ does not name a type
  263 |     public: [01;31m[KParamVariant[m[K defaultValue;
      |             [01;31m[K^~~~~~~~~~~~[m[K
[01m[K/usr/include/sdformat-9.7/sdf/Param.hh:273:37:[m[K [01;31m[Kerror: [m[K‘[01m[KParamVariant[m[K’ has not been declared
  273 |                                     [01;31m[KParamVariant[m[K &_valueToSet) const;
      |                                     [01;31m[K^~~~~~~~~~~~[m[K
[01m[K/usr/include/sdformat-9.7/sdf/Param.hh:[m[K In member function ‘[01m[Kstd::string sdf::v9::ParamPrivate::TypeToString() const[m[K’:
[01m[K/usr/include/sdformat-9.7/sdf/Param.hh:286:8:[m[K [01;35m[Kwarning: [m[K‘[01m[Kif constexpr[m[K’ only available with ‘[01m[K-std=c++17[m[K’ or ‘[01m[K-std=gnu++17[m[K’
  286 |     if [01;35m[Kconstexpr[m[K (std::is_same_v<T, bool>)
      |        [01;35m[K^~~~~~~~~[m[K
[01m[K/usr/include/sdformat-9.7/sdf/Param.hh:286:24:[m[K [01;31m[Kerror: [m[K‘[01m[Kis_same_v[m[K’ is not a member of ‘[01m[Kstd[m[K’; did you mean ‘[01m[Kis_same[m[K’?
  286 |     if constexpr (std::[01;31m[Kis_same_v[m[K<T, bool>)
      |                        [01;31m[K^~~~~~~~~[m[K
      |                        [32m[Kis_same[m[K
[01m[K/usr/include/sdformat-9.7/sdf/Param.hh:286:35:[m[K [01;31m[Kerror: [m[Kexpected primary-expression before ‘[01m[K,[m[K’ token
  286 |     if constexpr (std::is_same_v<T[01;31m[K,[m[K bool>)
      |                                   [01;31m[K^[m[K
[01m[K/usr/include/sdformat-9.7/sdf/Param.hh:286:37:[m[K [01;31m[Kerror: [m[Kexpected primary-expression before ‘[01m[Kbool[m[K’
  286 |     if constexpr (std::is_same_v<T, [01;31m[Kbool[m[K>)
      |                                     [01;31m[K^~~~[m[K
[01m[K/usr/include/sdformat-9.7/sdf/Param.hh:286:36:[m[K [01;31m[Kerror: [m[Kexpected ‘[01m[K)[m[K’ before ‘[01m[Kbool[m[K’
  286 |     if constexpr [34m[K([m[Kstd::is_same_v<T,[01;31m[K [m[K[32m[Kbool[m[K>)
      |                  [34m[K~[m[K                 [01;31m[K^[m[K[32m[K~~~~[m[K
      |                                    [32m[K)[m[K
[01m[K/usr/include/sdformat-9.7/sdf/Param.hh:288:13:[m[K [01;35m[Kwarning: [m[K‘[01m[Kif constexpr[m[K’ only available with ‘[01m[K-std=c++17[m[K’ or ‘[01m[K-std=gnu++17[m[K’
  288 |     else if [01;35m[Kconstexpr[m[K (std::is_same_v<T, char>)
      |             [01;35m[K^~~~~~~~~[m[K
[01m[K/usr/include/sdformat-9.7/sdf/Param.hh:288:29:[m[K [01;31m[Kerror: [m[K‘[01m[Kis_same_v[m[K’ is not a member of ‘[01m[Kstd[m[K’; did you mean ‘[01m[Kis_same[m[K’?
  288 |     else if constexpr (std::[01;31m[Kis_same_v[m[K<T, char>)
      |                             [01;31m[K^~~~~~~~~[m[K
      |                             [32m[Kis_same[m[K
[01m[K/usr/include/sdformat-9.7/sdf/Param.hh:288:40:[m[K [01;31m[Kerror: [m[Kexpected primary-expression before ‘[01m[K,[m[K’ token
  288 |     else if constexpr (std::is_same_v<T[01;31m[K,[m[K char>)
      |                                        [01;31m[K^[m[K
[01m[K/usr/include/sdformat-9.7/sdf/Param.hh:288:42:[m[K [01;31m[Kerror: [m[Kexpected primary-expression before ‘[01m[Kchar[m[K’
  288 |     else if constexpr (std::is_same_v<T, [01;31m[Kchar[m[K>)
      |                                          [01;31m[K^~~~[m[K
[01m[K/usr/include/sdformat-9.7/sdf/Param.hh:288:41:[m[K [01;31m[Kerror: [m[Kexpected ‘[01m[K)[m[K’ before ‘[01m[Kchar[m[K’
  288 |     else if constexpr [34m[K([m[Kstd::is_same_v<T,[01;31m[K [m[K[32m[Kchar[m[K>)
      |                       [34m[K~[m[K                 [01;31m[K^[m[K[32m[K~~~~[m[K
      |                                         [32m[K)[m[K
[01m[K/usr/include/sdformat-9.7/sdf/Param.hh:290:13:[m[K [01;35m[Kwarning: [m[K‘[01m[Kif constexpr[m[K’ only available with ‘[01m[K-std=c++17[m[K’ or ‘[01m[K-std=gnu++17[m[K’
  290 |     else if [01;35m[Kconstexpr[m[K (std::is_same_v<T, std::string>)
      |             [01;35m[K^~~~~~~~~[m[K
[01m[K/usr/include/sdformat-9.7/sdf/Param.hh:290:29:[m[K [01;31m[Kerror: [m[K‘[01m[Kis_same_v[m[K’ is not a member of ‘[01m[Kstd[m[K’; did you mean ‘[01m[Kis_same[m[K’?
  290 |     else if constexpr (std::[01;31m[Kis_same_v[m[K<T, std::string>)
      |                             [01;31m[K^~~~~~~~~[m[K
      |                             [32m[Kis_same[m[K
[01m[K/usr/include/sdformat-9.7/sdf/Param.hh:290:40:[m[K [01;31m[Kerror: [m[Kexpected primary-expression before ‘[01m[K,[m[K’ token
  290 |     else if constexpr (std::is_same_v<T[01;31m[K,[m[K std::string>)
      |                                        [01;31m[K^[m[K
[01m[K/usr/include/sdformat-9.7/sdf/Param.hh:290:53:[m[K [01;31m[Kerror: [m[Kexpected primary-expression before ‘[01m[K>[m[K’ token
  290 |     else if constexpr (std::is_same_v<T, std::string[01;31m[K>[m[K)
      |                                                     [01;31m[K^[m[K
[01m[K/usr/include/sdformat-9.7/sdf/Param.hh:290:54:[m[K [01;31m[Kerror: [m[Kexpected primary-expression before ‘[01m[K)[m[K’ token
  290 |     else if constexpr (std::is_same_v<T, std::string>[01;31m[K)[m[K
      |                                                      [01;31m[K^[m[K
[01m[K/usr/include/sdformat-9.7/sdf/Param.hh:292:13:[m[K [01;35m[Kwarning: [m[K‘[01m[Kif constexpr[m[K’ only available with ‘[01m[K-std=c++17[m[K’ or ‘[01m[K-std=gnu++17[m[K’
  292 |     else if [01;35m[Kconstexpr[m[K (std::is_same_v<T, int>)
      |             [01;35m[K^~~~~~~~~[m[K
[01m[K/usr/include/sdformat-9.7/sdf/Param.hh:292:29:[m[K [01;31m[Kerror: [m[K‘[01m[Kis_same_v[m[K’ is not a member of ‘[01m[Kstd[m[K’; did you mean ‘[01m[Kis_same[m[K’?
  292 |     else if constexpr (std::[01;31m[Kis_same_v[m[K<T, int>)
      |                             [01;31m[K^~~~~~~~~[m[K
      |                             [32m[Kis_same[m[K
[01m[K/usr/include/sdformat-9.7/sdf/Param.hh:292:40:[m[K [01;31m[Kerror: [m[Kexpected primary-expression before ‘[01m[K,[m[K’ token
  292 |     else if constexpr (std::is_same_v<T[01;31m[K,[m[K int>)
      |                                        [01;31m[K^[m[K
[01m[K/usr/include/sdformat-9.7/sdf/Param.hh:292:42:[m[K [01;31m[Kerror: [m[Kexpected primary-expression before ‘[01m[Kint[m[K’
  292 |     else if constexpr (std::is_same_v<T, [01;31m[Kint[m[K>)
      |                                          [01;31m[K^~~[m[K
[01m[K/usr/include/sdformat-9.7/sdf/Param.hh:292:41:[m[K [01;31m[Kerror: [m[Kexpected ‘[01m[K)[m[K’ before ‘[01m[Kint[m[K’
  292 |     else if constexpr [34m[K([m[Kstd::is_same_v<T,[01;31m[K [m[K[32m[Kint[m[K>)
      |                       [34m[K~[m[K                 [01;31m[K^[m[K[32m[K~~~[m[K
      |                                         [32m[K)[m[K
[01m[K/usr/include/sdformat-9.7/sdf/Param.hh:294:13:[m[K [01;35m[Kwarning: [m[K‘[01m[Kif constexpr[m[K’ only available with ‘[01m[K-std=c++17[m[K’ or ‘[01m[K-std=gnu++17[m[K’
  294 |     else if [01;35m[Kconstexpr[m[K (std::is_same_v<T, std::uint64_t>)
      |             [01;35m[K^~~~~~~~~[m[K
[01m[K/usr/include/sdformat-9.7/sdf/Param.hh:294:29:[m[K [01;31m[Kerror: [m[K‘[01m[Kis_same_v[m[K’ is not a member of ‘[01m[Kstd[m[K’; did you mean ‘[01m[Kis_same[m[K’?
  294 |     else if constexpr (std::[01;31m[Kis_same_v[m[K<T, std::uint64_t>)
      |                             [01;31m[K^~~~~~~~~[m[K
      |                             [32m[Kis_same[m[K
[01m[K/usr/include/sdformat-9.7/sdf/Param.hh:294:40:[m[K [01;31m[Kerror: [m[Kexpected primary-expression before ‘[01m[K,[m[K’ token
  294 |     else if constexpr (std::is_same_v<T[01;31m[K,[m[K std::uint64_t>)
      |                                        [01;31m[K^[m[K
[01m[K/usr/include/sdformat-9.7/sdf/Param.hh:294:55:[m[K [01;31m[Kerror: [m[Kexpected primary-expression before ‘[01m[K>[m[K’ token
  294 |     else if constexpr (std::is_same_v<T, std::uint64_t[01;31m[K>[m[K)
      |                                                       [01;31m[K^[m[K
[01m[K/usr/include/sdformat-9.7/sdf/Param.hh:294:56:[m[K [01;31m[Kerror: [m[Kexpected primary-expression before ‘[01m[K)[m[K’ token
  294 |     else if constexpr (std::is_same_v<T, std::uint64_t>[01;31m[K)[m[K
      |                                                        [01;31m[K^[m[K
[01m[K/usr/include/sdformat-9.7/sdf/Param.hh:296:13:[m[K [01;35m[Kwarning: [m[K‘[01m[Kif constexpr[m[K’ only available with ‘[01m[K-std=c++17[m[K’ or ‘[01m[K-std=gnu++17[m[K’
  296 |     else if [01;35m[Kconstexpr[m[K (std::is_same_v<T, unsigned int>)
      |             [01;35m[K^~~~~~~~~[m[K
[01m[K/usr/include/sdformat-9.7/sdf/Param.hh:296:29:[m[K [01;31m[Kerror: [m[K‘[01m[Kis_same_v[m[K’ is not a member of ‘[01m[Kstd[m[K’; did you mean ‘[01m[Kis_same[m[K’?
  296 |     else if constexpr (std::[01;31m[Kis_same_v[m[K<T, unsigned int>)
      |                             [01;31m[K^~~~~~~~~[m[K
      |                             [32m[Kis_same[m[K
[01m[K/usr/include/sdformat-9.7/sdf/Param.hh:296:40:[m[K [01;31m[Kerror: [m[Kexpected primary-expression before ‘[01m[K,[m[K’ token
  296 |     else if constexpr (std::is_same_v<T[01;31m[K,[m[K unsigned int>)
      |                                        [01;31m[K^[m[K
[01m[K/usr/include/sdformat-9.7/sdf/Param.hh:296:42:[m[K [01;31m[Kerror: [m[Kexpected primary-expression before ‘[01m[Kunsigned[m[K’
  296 |     else if constexpr (std::is_same_v<T, [01;31m[Kunsigned[m[K int>)
      |                                          [01;31m[K^~~~~~~~[m[K
[01m[K/usr/include/sdformat-9.7/sdf/Param.hh:296:41:[m[K [01;31m[Kerror: [m[Kexpected ‘[01m[K)[m[K’ before ‘[01m[Kunsigned[m[K’
  296 |     else if constexpr [34m[K([m[Kstd::is_same_v<T,[01;31m[K [m[K[32m[Kunsigned[m[K int>)
      |                       [34m[K~[m[K                 [01;31m[K^[m[K[32m[K~~~~~~~~[m[K
      |                                         [32m[K)[m[K
[01m[K/usr/include/sdformat-9.7/sdf/Param.hh:298:13:[m[K [01;35m[Kwarning: [m[K‘[01m[Kif constexpr[m[K’ only available with ‘[01m[K-std=c++17[m[K’ or ‘[01m[K-std=gnu++17[m[K’
  298 |     else if [01;35m[Kconstexpr[m[K (std::is_same_v<T, double>)
      |             [01;35m[K^~~~~~~~~[m[K
[01m[K/usr/include/sdformat-9.7/sdf/Param.hh:298:29:[m[K [01;31m[Kerror: [m[K‘[01m[Kis_same_v[m[K’ is not a member of ‘[01m[Kstd[m[K’; did you mean ‘[01m[Kis_same[m[K’?
  298 |     else if constexpr (std::[01;31m[Kis_same_v[m[K<T, double>)
      |                             [01;31m[K^~~~~~~~~[m[K
      |                             [32m[Kis_same[m[K
[01m[K/usr/include/sdformat-9.7/sdf/Param.hh:298:40:[m[K [01;31m[Kerror: [m[Kexpected primary-expression before ‘[01m[K,[m[K’ token
  298 |     else if constexpr (std::is_same_v<T[01;31m[K,[m[K double>)
      |                                        [01;31m[K^[m[K
[01m[K/usr/include/sdformat-9.7/sdf/Param.hh:298:42:[m[K [01;31m[Kerror: [m[Kexpected primary-expression before ‘[01m[Kdouble[m[K’
  298 |     else if constexpr (std::is_same_v<T, [01;31m[Kdouble[m[K>)
      |                                          [01;31m[K^~~~~~[m[K
[01m[K/usr/include/sdformat-9.7/sdf/Param.hh:298:41:[m[K [01;31m[Kerror: [m[Kexpected ‘[01m[K)[m[K’ before ‘[01m[Kdouble[m[K’
  298 |     else if constexpr [34m[K([m[Kstd::is_same_v<T,[01;31m[K [m[K[32m[Kdouble[m[K>)
      |                       [34m[K~[m[K                 [01;31m[K^[m[K[32m[K~~~~~~[m[K
      |                                         [32m[K)[m[K
[01m[K/usr/include/sdformat-9.7/sdf/Param.hh:300:13:[m[K [01;35m[Kwarning: [m[K‘[01m[Kif constexpr[m[K’ only available with ‘[01m[K-std=c++17[m[K’ or ‘[01m[K-std=gnu++17[m[K’
  300 |     else if [01;35m[Kconstexpr[m[K (std::is_same_v<T, float>)
      |             [01;35m[K^~~~~~~~~[m[K
[01m[K/usr/include/sdformat-9.7/sdf/Param.hh:300:29:[m[K [01;31m[Kerror: [m[K‘[01m[Kis_same_v[m[K’ is not a member of ‘[01m[Kstd[m[K’; did you mean ‘[01m[Kis_same[m[K’?
  300 |     else if constexpr (std::[01;31m[Kis_same_v[m[K<T, float>)
      |                             [01;31m[K^~~~~~~~~[m[K
      |                             [32m[Kis_same[m[K
[01m[K/usr/include/sdformat-9.7/sdf/Param.hh:300:40:[m[K [01;31m[Kerror: [m[Kexpected primary-expression before ‘[01m[K,[m[K’ token
  300 |     else if constexpr (std::is_same_v<T[01;31m[K,[m[K float>)
      |                                        [01;31m[K^[m[K
[01m[K/usr/include/sdformat-9.7/sdf/Param.hh:300:42:[m[K [01;31m[Kerror: [m[Kexpected primary-expression before ‘[01m[Kfloat[m[K’
  300 |     else if constexpr (std::is_same_v<T, [01;31m[Kfloat[m[K>)
      |                                          [01;31m[K^~~~~[m[K
[01m[K/usr/include/sdformat-9.7/sdf/Param.hh:300:41:[m[K [01;31m[Kerror: [m[Kexpected ‘[01m[K)[m[K’ before ‘[01m[Kfloat[m[K’
  300 |     else if constexpr [34m[K([m[Kstd::is_same_v<T,[01;31m[K [m[K[32m[Kfloat[m[K>)
      |                       [34m[K~[m[K                 [01;31m[K^[m[K[32m[K~~~~~[m[K
      |                                         [32m[K)[m[K
[01m[K/usr/include/sdformat-9.7/sdf/Param.hh:302:13:[m[K [01;35m[Kwarning: [m[K‘[01m[Kif constexpr[m[K’ only available with ‘[01m[K-std=c++17[m[K’ or ‘[01m[K-std=gnu++17[m[K’
  302 |     else if [01;35m[Kconstexpr[m[K (std::is_same_v<T, sdf::Time>)
      |             [01;35m[K^~~~~~~~~[m[K
[01m[K/usr/include/sdformat-9.7/sdf/Param.hh:302:29:[m[K [01;31m[Kerror: [m[K‘[01m[Kis_same_v[m[K’ is not a member of ‘[01m[Kstd[m[K’; did you mean ‘[01m[Kis_same[m[K’?
  302 |     else if constexpr (std::[01;31m[Kis_same_v[m[K<T, sdf::Time>)
      |                             [01;31m[K^~~~~~~~~[m[K
      |                             [32m[Kis_same[m[K
[01m[K/usr/include/sdformat-9.7/sdf/Param.hh:302:40:[m[K [01;31m[Kerror: [m[Kexpected primary-expression before ‘[01m[K,[m[K’ token
  302 |     else if constexpr (std::is_same_v<T[01;31m[K,[m[K sdf::Time>)
      |                                        [01;31m[K^[m[K
[01m[K/usr/include/sdformat-9.7/sdf/Param.hh:302:51:[m[K [01;31m[Kerror: [m[Kexpected primary-expression before ‘[01m[K>[m[K’ token
  302 |     else if constexpr (std::is_same_v<T, sdf::Time[01;31m[K>[m[K)
      |                                                   [01;31m[K^[m[K
[01m[K/usr/include/sdformat-9.7/sdf/Param.hh:302:52:[m[K [01;31m[Kerror: [m[Kexpected primary-expression before ‘[01m[K)[m[K’ token
  302 |     else if constexpr (std::is_same_v<T, sdf::Time>[01;31m[K)[m[K
      |                                                    [01;31m[K^[m[K
[01m[K/usr/include/sdformat-9.7/sdf/Param.hh:304:13:[m[K [01;35m[Kwarning: [m[K‘[01m[Kif constexpr[m[K’ only available with ‘[01m[K-std=c++17[m[K’ or ‘[01m[K-std=gnu++17[m[K’
  304 |     else if [01;35m[Kconstexpr[m[K (std::is_same_v<T, ignition::math::Angle>)
      |             [01;35m[K^~~~~~~~~[m[K
[01m[K/usr/include/sdformat-9.7/sdf/Param.hh:304:29:[m[K [01;31m[Kerror: [m[K‘[01m[Kis_same_v[m[K’ is not a member of ‘[01m[Kstd[m[K’; did you mean ‘[01m[Kis_same[m[K’?
  304 |     else if constexpr (std::[01;31m[Kis_same_v[m[K<T, ignition::math::Angle>)
      |                             [01;31m[K^~~~~~~~~[m[K
      |                             [32m[Kis_same[m[K
[01m[K/usr/include/sdformat-9.7/sdf/Param.hh:304:40:[m[K [01;31m[Kerror: [m[Kexpected primary-expression before ‘[01m[K,[m[K’ token
  304 |     else if constexpr (std::is_same_v<T[01;31m[K,[m[K ignition::math::Angle>)
      |                                        [01;31m[K^[m[K
[01m[K/usr/include/sdformat-9.7/sdf/Param.hh:304:63:[m[K [01;31m[Kerror: [m[Kexpected primary-expression before ‘[01m[K>[m[K’ token
  304 |     else if constexpr (std::is_same_v<T, ignition::math::Angle[01;31m[K>[m[K)
      |                                                               [01;31m[K^[m[K
[01m[K/usr/include/sdformat-9.7/sdf/Param.hh:304:64:[m[K [01;31m[Kerror: [m[Kexpected primary-expression before ‘[01m[K)[m[K’ token
  304 |     else if constexpr (std::is_same_v<T, ignition::math::Angle>[01;31m[K)[m[K
      |                                                                [01;31m[K^[m[K
[01m[K/usr/include/sdformat-9.7/sdf/Param.hh:306:13:[m[K [01;35m[Kwarning: [m[K‘[01m[Kif constexpr[m[K’ only available with ‘[01m[K-std=c++17[m[K’ or ‘[01m[K-std=gnu++17[m[K’
  306 |     else if [01;35m[Kconstexpr[m[K (std::is_same_v<T, ignition::math::Color>)
      |             [01;35m[K^~~~~~~~~[m[K
[01m[K/usr/include/sdformat-9.7/sdf/Param.hh:306:29:[m[K [01;31m[Kerror: [m[K‘[01m[Kis_same_v[m[K’ is not a member of ‘[01m[Kstd[m[K’; did you mean ‘[01m[Kis_same[m[K’?
  306 |     else if constexpr (std::[01;31m[Kis_same_v[m[K<T, ignition::math::Color>)
      |                             [01;31m[K^~~~~~~~~[m[K
      |                             [32m[Kis_same[m[K
[01m[K/usr/include/sdformat-9.7/sdf/Param.hh:306:40:[m[K [01;31m[Kerror: [m[Kexpected primary-expression before ‘[01m[K,[m[K’ token
  306 |     else if constexpr (std::is_same_v<T[01;31m[K,[m[K ignition::math::Color>)
      |                                        [01;31m[K^[m[K
[01m[K/usr/include/sdformat-9.7/sdf/Param.hh:306:63:[m[K [01;31m[Kerror: [m[Kexpected primary-expression before ‘[01m[K>[m[K’ token
  306 |     else if constexpr (std::is_same_v<T, ignition::math::Color[01;31m[K>[m[K)
      |                                                               [01;31m[K^[m[K
[01m[K/usr/include/sdformat-9.7/sdf/Param.hh:306:64:[m[K [01;31m[Kerror: [m[Kexpected primary-expression before ‘[01m[K)[m[K’ token
  306 |     else if constexpr (std::is_same_v<T, ignition::math::Color>[01;31m[K)[m[K
      |                                                                [01;31m[K^[m[K
[01m[K/usr/include/sdformat-9.7/sdf/Param.hh:308:13:[m[K [01;35m[Kwarning: [m[K‘[01m[Kif constexpr[m[K’ only available with ‘[01m[K-std=c++17[m[K’ or ‘[01m[K-std=gnu++17[m[K’
  308 |     else if [01;35m[Kconstexpr[m[K (std::is_same_v<T, ignition::math::Vector2i>)
      |             [01;35m[K^~~~~~~~~[m[K
[01m[K/usr/include/sdformat-9.7/sdf/Param.hh:308:29:[m[K [01;31m[Kerror: [m[K‘[01m[Kis_same_v[m[K’ is not a member of ‘[01m[Kstd[m[K’; did you mean ‘[01m[Kis_same[m[K’?
  308 |     else if constexpr (std::[01;31m[Kis_same_v[m[K<T, ignition::math::Vector2i>)
      |                             [01;31m[K^~~~~~~~~[m[K
      |                             [32m[Kis_same[m[K
[01m[K/usr/include/sdformat-9.7/sdf/Param.hh:308:40:[m[K [01;31m[Kerror: [m[Kexpected primary-expression before ‘[01m[K,[m[K’ token
  308 |     else if constexpr (std::is_same_v<T[01;31m[K,[m[K ignition::math::Vector2i>)
      |                                        [01;31m[K^[m[K
[01m[K/usr/include/sdformat-9.7/sdf/Param.hh:308:66:[m[K [01;31m[Kerror: [m[Kexpected primary-expression before ‘[01m[K>[m[K’ token
  308 |     else if constexpr (std::is_same_v<T, ignition::math::Vector2i[01;31m[K>[m[K)
      |                                                                  [01;31m[K^[m[K
[01m[K/usr/include/sdformat-9.7/sdf/Param.hh:308:67:[m[K [01;31m[Kerror: [m[Kexpected primary-expression before ‘[01m[K)[m[K’ token
  308 |     else if constexpr (std::is_same_v<T, ignition::math::Vector2i>[01;31m[K)[m[K
      |                                                                   [01;31m[K^[m[K
[01m[K/usr/include/sdformat-9.7/sdf/Param.hh:310:13:[m[K [01;35m[Kwarning: [m[K‘[01m[Kif constexpr[m[K’ only available with ‘[01m[K-std=c++17[m[K’ or ‘[01m[K-std=gnu++17[m[K’
  310 |     else if [01;35m[Kconstexpr[m[K (std::is_same_v<T, ignition::math::Vector2d>)
      |             [01;35m[K^~~~~~~~~[m[K
[01m[K/usr/include/sdformat-9.7/sdf/Param.hh:310:29:[m[K [01;31m[Kerror: [m[K‘[01m[Kis_same_v[m[K’ is not a member of ‘[01m[Kstd[m[K’; did you mean ‘[01m[Kis_same[m[K’?
  310 |     else if constexpr (std::[01;31m[Kis_same_v[m[K<T, ignition::math::Vector2d>)
      |                             [01;31m[K^~~~~~~~~[m[K
      |                             [32m[Kis_same[m[K
[01m[K/usr/include/sdformat-9.7/sdf/Param.hh:310:40:[m[K [01;31m[Kerror: [m[Kexpected primary-expression before ‘[01m[K,[m[K’ token
  310 |     else if constexpr (std::is_same_v<T[01;31m[K,[m[K ignition::math::Vector2d>)
      |                                        [01;31m[K^[m[K
[01m[K/usr/include/sdformat-9.7/sdf/Param.hh:310:66:[m[K [01;31m[Kerror: [m[Kexpected primary-expression before ‘[01m[K>[m[K’ token
  310 |     else if constexpr (std::is_same_v<T, ignition::math::Vector2d[01;31m[K>[m[K)
      |                                                                  [01;31m[K^[m[K
[01m[K/usr/include/sdformat-9.7/sdf/Param.hh:310:67:[m[K [01;31m[Kerror: [m[Kexpected primary-expression before ‘[01m[K)[m[K’ token
  310 |     else if constexpr (std::is_same_v<T, ignition::math::Vector2d>[01;31m[K)[m[K
      |                                                                   [01;31m[K^[m[K
[01m[K/usr/include/sdformat-9.7/sdf/Param.hh:312:13:[m[K [01;35m[Kwarning: [m[K‘[01m[Kif constexpr[m[K’ only available with ‘[01m[K-std=c++17[m[K’ or ‘[01m[K-std=gnu++17[m[K’
  312 |     else if [01;35m[Kconstexpr[m[K (std::is_same_v<T, ignition::math::Vector3d>)
      |             [01;35m[K^~~~~~~~~[m[K
[01m[K/usr/include/sdformat-9.7/sdf/Param.hh:312:29:[m[K [01;31m[Kerror: [m[K‘[01m[Kis_same_v[m[K’ is not a member of ‘[01m[Kstd[m[K’; did you mean ‘[01m[Kis_same[m[K’?
  312 |     else if constexpr (std::[01;31m[Kis_same_v[m[K<T, ignition::math::Vector3d>)
      |                             [01;31m[K^~~~~~~~~[m[K
      |                             [32m[Kis_same[m[K
[01m[K/usr/include/sdformat-9.7/sdf/Param.hh:312:40:[m[K [01;31m[Kerror: [m[Kexpected primary-expression before ‘[01m[K,[m[K’ token
  312 |     else if constexpr (std::is_same_v<T[01;31m[K,[m[K ignition::math::Vector3d>)
      |                                        [01;31m[K^[m[K
[01m[K/usr/include/sdformat-9.7/sdf/Param.hh:312:66:[m[K [01;31m[Kerror: [m[Kexpected primary-expression before ‘[01m[K>[m[K’ token
  312 |     else if constexpr (std::is_same_v<T, ignition::math::Vector3d[01;31m[K>[m[K)
      |                                                                  [01;31m[K^[m[K
[01m[K/usr/include/sdformat-9.7/sdf/Param.hh:312:67:[m[K [01;31m[Kerror: [m[Kexpected primary-expression before ‘[01m[K)[m[K’ token
  312 |     else if constexpr (std::is_same_v<T, ignition::math::Vector3d>[01;31m[K)[m[K
      |                                                                   [01;31m[K^[m[K
[01m[K/usr/include/sdformat-9.7/sdf/Param.hh:314:13:[m[K [01;35m[Kwarning: [m[K‘[01m[Kif constexpr[m[K’ only available with ‘[01m[K-std=c++17[m[K’ or ‘[01m[K-std=gnu++17[m[K’
  314 |     else if [01;35m[Kconstexpr[m[K (std::is_same_v<T, ignition::math::Quaterniond>)
      |             [01;35m[K^~~~~~~~~[m[K
[01m[K/usr/include/sdformat-9.7/sdf/Param.hh:314:29:[m[K [01;31m[Kerror: [m[K‘[01m[Kis_same_v[m[K’ is not a member of ‘[01m[Kstd[m[K’; did you mean ‘[01m[Kis_same[m[K’?
  314 |     else if constexpr (std::[01;31m[Kis_same_v[m[K<T, ignition::math::Quaterniond>)
      |                             [01;31m[K^~~~~~~~~[m[K
      |                             [32m[Kis_same[m[K
[01m[K/usr/include/sdformat-9.7/sdf/Param.hh:314:40:[m[K [01;31m[Kerror: [m[Kexpected primary-expression before ‘[01m[K,[m[K’ token
  314 |     else if constexpr (std::is_same_v<T[01;31m[K,[m[K ignition::math::Quaterniond>)
      |                                        [01;31m[K^[m[K
[01m[K/usr/include/sdformat-9.7/sdf/Param.hh:314:69:[m[K [01;31m[Kerror: [m[Kexpected primary-expression before ‘[01m[K>[m[K’ token
  314 |     else if constexpr (std::is_same_v<T, ignition::math::Quaterniond[01;31m[K>[m[K)
      |                                                                     [01;31m[K^[m[K
[01m[K/usr/include/sdformat-9.7/sdf/Param.hh:314:70:[m[K [01;31m[Kerror: [m[Kexpected primary-expression before ‘[01m[K)[m[K’ token
  314 |     else if constexpr (std::is_same_v<T, ignition::math::Quaterniond>[01;31m[K)[m[K
      |                                                                      [01;31m[K^[m[K
[01m[K/usr/include/sdformat-9.7/sdf/Param.hh:316:13:[m[K [01;35m[Kwarning: [m[K‘[01m[Kif constexpr[m[K’ only available with ‘[01m[K-std=c++17[m[K’ or ‘[01m[K-std=gnu++17[m[K’
  316 |     else if [01;35m[Kconstexpr[m[K (std::is_same_v<T, ignition::math::Pose3d>)
      |             [01;35m[K^~~~~~~~~[m[K
[01m[K/usr/include/sdformat-9.7/sdf/Param.hh:316:29:[m[K [01;31m[Kerror: [m[K‘[01m[Kis_same_v[m[K’ is not a member of ‘[01m[Kstd[m[K’; did you mean ‘[01m[Kis_same[m[K’?
  316 |     else if constexpr (std::[01;31m[Kis_same_v[m[K<T, ignition::math::Pose3d>)
      |                             [01;31m[K^~~~~~~~~[m[K
      |                             [32m[Kis_same[m[K
[01m[K/usr/include/sdformat-9.7/sdf/Param.hh:316:40:[m[K [01;31m[Kerror: [m[Kexpected primary-expression before ‘[01m[K,[m[K’ token
  316 |     else if constexpr (std::is_same_v<T[01;31m[K,[m[K ignition::math::Pose3d>)
      |                                        [01;31m[K^[m[K
[01m[K/usr/include/sdformat-9.7/sdf/Param.hh:316:64:[m[K [01;31m[Kerror: [m[Kexpected primary-expression before ‘[01m[K>[m[K’ token
  316 |     else if constexpr (std::is_same_v<T, ignition::math::Pose3d[01;31m[K>[m[K)
      |                                                                [01;31m[K^[m[K
[01m[K/usr/include/sdformat-9.7/sdf/Param.hh:316:65:[m[K [01;31m[Kerror: [m[Kexpected primary-expression before ‘[01m[K)[m[K’ token
  316 |     else if constexpr (std::is_same_v<T, ignition::math::Pose3d>[01;31m[K)[m[K
      |                                                                 [01;31m[K^[m[K
[01m[K/usr/include/sdformat-9.7/sdf/Param.hh:[m[K In member function ‘[01m[Kbool sdf::v9::Param::Get(T&) const[m[K’:
[01m[K/usr/include/sdformat-9.7/sdf/Param.hh:353:21:[m[K [01;31m[Kerror: [m[K‘[01m[Kget_if[m[K’ is not a member of ‘[01m[Kstd[m[K’; did you mean ‘[01m[Kget_time[m[K’?
  353 |     T *value = std::[01;31m[Kget_if[m[K<T>(&this->dataPtr->value);
      |                     [01;31m[K^~~~~~[m[K
      |                     [32m[Kget_time[m[K
[01m[K/usr/include/sdformat-9.7/sdf/Param.hh:353:29:[m[K [01;31m[Kerror: [m[Kexpected primary-expression before ‘[01m[K>[m[K’ token
  353 |     T *value = std::get_if<T[01;31m[K>[m[K(&this->dataPtr->value);
      |                             [01;31m[K^[m[K
[01m[K/usr/include/sdformat-9.7/sdf/Param.hh:353:47:[m[K [01;31m[Kerror: [m[K‘[01m[Kclass sdf::v9::ParamPrivate[m[K’ has no member named ‘[01m[Kvalue[m[K’
  353 |     T *value = std::get_if<T>(&this->dataPtr->[01;31m[Kvalue[m[K);
      |                                               [01;31m[K^~~~~[m[K
[01m[K/usr/include/sdformat-9.7/sdf/Param.hh:368:21:[m[K [01;31m[Kerror: [m[K‘[01m[KParamVariant[m[K’ is not a member of ‘[01m[Ksdf::v9::ParamPrivate[m[K’
  368 |       ParamPrivate::[01;31m[KParamVariant[m[K pv;
      |                     [01;31m[K^~~~~~~~~~~~[m[K
[01m[K/usr/include/sdformat-9.7/sdf/Param.hh:369:76:[m[K [01;31m[Kerror: [m[K‘[01m[Kpv[m[K’ was not declared in this scope
  369 |       bool success = this->dataPtr->ValueFromStringImpl(typeStr, valueStr, [01;31m[Kpv[m[K);
      |                                                                            [01;31m[K^~[m[K
[01m[K/usr/include/sdformat-9.7/sdf/Param.hh:[m[K In member function ‘[01m[Kbool sdf::v9::Param::GetDefault(T&) const[m[K’:
[01m[K/usr/include/sdformat-9.7/sdf/Param.hh:406:26:[m[K [01;31m[Kerror: [m[Kmissing template arguments before ‘[01m[K{[m[K’ token
  406 |       ss << ParamStreamer[01;31m[K{[m[Kthis->dataPtr->defaultValue};
      |                          [01;31m[K^[m[K
[01m[K/usr/include/sdformat-9.7/sdf/Param.hh:[m[K In member function ‘[01m[Kbool sdf::v9::Param::IsType() const[m[K’:
[01m[K/usr/include/sdformat-9.7/sdf/Param.hh:426:17:[m[K [01;31m[Kerror: [m[K‘[01m[Kholds_alternative[m[K’ is not a member of ‘[01m[Kstd[m[K’
  426 |     return std::[01;31m[Kholds_alternative[m[K<Type>(this->dataPtr->value);
      |                 [01;31m[K^~~~~~~~~~~~~~~~~[m[K
[01m[K/usr/include/sdformat-9.7/sdf/Param.hh:426:39:[m[K [01;31m[Kerror: [m[Kexpected primary-expression before ‘[01m[K>[m[K’ token
  426 |     return std::holds_alternative<Type[01;31m[K>[m[K(this->dataPtr->value);
      |                                       [01;31m[K^[m[K
[01m[K/usr/include/sdformat-9.7/sdf/Param.hh:426:56:[m[K [01;31m[Kerror: [m[K‘[01m[Kclass sdf::v9::ParamPrivate[m[K’ has no member named ‘[01m[Kvalue[m[K’
  426 |     return std::holds_alternative<Type>(this->dataPtr->[01;31m[Kvalue[m[K);
      |                                                        [01;31m[K^~~~~[m[K
In file included from [01m[K/usr/include/sdformat-9.7/sdf/Actor.hh:25[m[K,
                 from [01m[K/usr/include/sdformat-9.7/sdf/sdf.hh:2[m[K,
                 from [01m[K/usr/include/gazebo-11/gazebo/common/Battery.hh:25[m[K,
                 from [01m[K/usr/include/gazebo-11/gazebo/common/common.hh:8[m[K,
                 from [01m[K/usr/include/gazebo-11/gazebo/gazebo_core.hh:19[m[K,
                 from [01m[K/usr/include/gazebo-11/gazebo/gazebo.hh:20[m[K,
                 from [01m[K/home/muratbolu/catkin_ws/src/gazebo_plugin_exercises/src/velodyne_plugin.cpp:4[m[K:
[01m[K/usr/include/sdformat-9.7/sdf/Element.hh:[m[K At global scope:
[01m[K/usr/include/sdformat-9.7/sdf/Element.hh:279:18:[m[K [01;31m[Kerror: [m[K‘[01m[Kany[m[K’ in namespace ‘[01m[Kstd[m[K’ does not name a type
  279 |     public: std::[01;31m[Kany[m[K GetAny(const std::string &_key = "") const;
      |                  [01;31m[K^~~[m[K
[01m[K/usr/include/sdformat-9.7/sdf/Element.hh:279:13:[m[K [01;36m[Knote: [m[K‘[01m[Kstd::any[m[K’ is only available from C++17 onwards
  279 |     public: [01;36m[Kstd[m[K::any GetAny(const std::string &_key = "") const;
      |             [01;36m[K^~~[m[K
In file included from [01m[K/usr/include/ignition/transport8/ignition/transport/Node.hh:42[m[K,
                 from [01m[K/usr/include/gazebo-11/gazebo/physics/Entity.hh:25[m[K,
                 from [01m[K/usr/include/gazebo-11/gazebo/physics/Model.hh:30[m[K,
                 from [01m[K/usr/include/gazebo-11/gazebo/physics/Actor.hh:27[m[K,
                 from [01m[K/usr/include/gazebo-11/gazebo/physics/physics.hh:2[m[K,
                 from [01m[K/home/muratbolu/catkin_ws/src/gazebo_plugin_exercises/src/velodyne_plugin.cpp:5[m[K:
[01m[K/usr/include/ignition/transport8/ignition/transport/NodeShared.hh:298:20:[m[K [01;31m[Kerror: [m[K‘[01m[Koptional[m[K’ in namespace ‘[01m[Kstd[m[K’ does not name a template type
  298 |       public: std::[01;31m[Koptional[m[K<TopicStatistics> TopicStats(
      |                    [01;31m[K^~~~~~~~[m[K
[01m[K/usr/include/ignition/transport8/ignition/transport/NodeShared.hh:298:15:[m[K [01;36m[Knote: [m[K‘[01m[Kstd::optional[m[K’ is only available from C++17 onwards
  298 |       public: [01;36m[Kstd[m[K::optional<TopicStatistics> TopicStats(
      |               [01;36m[K^~~[m[K
In file included from [01m[K/usr/include/gazebo-11/gazebo/physics/Entity.hh:25[m[K,
                 from [01m[K/usr/include/gazebo-11/gazebo/physics/Model.hh:30[m[K,
                 from [01m[K/usr/include/gazebo-11/gazebo/physics/Actor.hh:27[m[K,
                 from [01m[K/usr/include/gazebo-11/gazebo/physics/physics.hh:2[m[K,
                 from [01m[K/home/muratbolu/catkin_ws/src/gazebo_plugin_exercises/src/velodyne_plugin.cpp:5[m[K:
[01m[K/usr/include/ignition/transport8/ignition/transport/Node.hh:740:20:[m[K [01;31m[Kerror: [m[K‘[01m[Koptional[m[K’ in namespace ‘[01m[Kstd[m[K’ does not name a template type
  740 |       public: std::[01;31m[Koptional[m[K<TopicStatistics> TopicStats(
      |                    [01;31m[K^~~~~~~~[m[K
[01m[K/usr/include/ignition/transport8/ignition/transport/Node.hh:740:15:[m[K [01;36m[Knote: [m[K‘[01m[Kstd::optional[m[K’ is only available from C++17 onwards
  740 |       public: [01;36m[Kstd[m[K::optional<TopicStatistics> TopicStats(
      |               [01;36m[K^~~[m[K
In file included from [01m[K/usr/include/gazebo-11/gazebo/physics/Entity.hh:35[m[K,
                 from [01m[K/usr/include/gazebo-11/gazebo/physics/Model.hh:30[m[K,
                 from [01m[K/usr/include/gazebo-11/gazebo/physics/Actor.hh:27[m[K,
                 from [01m[K/usr/include/gazebo-11/gazebo/physics/physics.hh:2[m[K,
                 from [01m[K/home/muratbolu/catkin_ws/src/gazebo_plugin_exercises/src/velodyne_plugin.cpp:5[m[K:
[01m[K/usr/include/gazebo-11/gazebo/physics/Base.hh:342:28:[m[K [01;31m[Kerror: [m[K‘[01m[Koptional[m[K’ in namespace ‘[01m[Kstd[m[K’ does not name a template type
  342 |       public: virtual std::[01;31m[Koptional[m[K<sdf::SemanticPose> SDFSemanticPose() const;
      |                            [01;31m[K^~~~~~~~[m[K
[01m[K/usr/include/gazebo-11/gazebo/physics/Base.hh:342:23:[m[K [01;36m[Knote: [m[K‘[01m[Kstd::optional[m[K’ is only available from C++17 onwards
  342 |       public: virtual [01;36m[Kstd[m[K::optional<sdf::SemanticPose> SDFSemanticPose() const;
      |                       [01;36m[K^~~[m[K
In file included from [01m[K/usr/include/gazebo-11/gazebo/physics/Actor.hh:27[m[K,
                 from [01m[K/usr/include/gazebo-11/gazebo/physics/physics.hh:2[m[K,
                 from [01m[K/home/muratbolu/catkin_ws/src/gazebo_plugin_exercises/src/velodyne_plugin.cpp:5[m[K:
[01m[K/usr/include/gazebo-11/gazebo/physics/Model.hh:486:20:[m[K [01;31m[Kerror: [m[K‘[01m[Koptional[m[K’ in namespace ‘[01m[Kstd[m[K’ does not name a template type
  486 |       public: std::[01;31m[Koptional[m[K<sdf::SemanticPose> SDFSemanticPose() const override;
      |                    [01;31m[K^~~~~~~~[m[K
[01m[K/usr/include/gazebo-11/gazebo/physics/Model.hh:486:15:[m[K [01;36m[Knote: [m[K‘[01m[Kstd::optional[m[K’ is only available from C++17 onwards
  486 |       public: [01;36m[Kstd[m[K::optional<sdf::SemanticPose> SDFSemanticPose() const override;
      |               [01;36m[K^~~[m[K
In file included from [01m[K/usr/include/gazebo-11/gazebo/physics/BallJoint.hh:25[m[K,
                 from [01m[K/usr/include/gazebo-11/gazebo/physics/physics.hh:6[m[K,
                 from [01m[K/home/muratbolu/catkin_ws/src/gazebo_plugin_exercises/src/velodyne_plugin.cpp:5[m[K:
[01m[K/usr/include/gazebo-11/gazebo/physics/Joint.hh:594:28:[m[K [01;31m[Kerror: [m[K‘[01m[Koptional[m[K’ in namespace ‘[01m[Kstd[m[K’ does not name a template type
  594 |       public: virtual std::[01;31m[Koptional[m[K<sdf::SemanticPose> SDFSemanticPose()
      |                            [01;31m[K^~~~~~~~[m[K
[01m[K/usr/include/gazebo-11/gazebo/physics/Joint.hh:594:23:[m[K [01;36m[Knote: [m[K‘[01m[Kstd::optional[m[K’ is only available from C++17 onwards
  594 |       public: virtual [01;36m[Kstd[m[K::optional<sdf::SemanticPose> SDFSemanticPose()
      |                       [01;36m[K^~~[m[K
In file included from [01m[K/usr/include/gazebo-11/gazebo/physics/physics.hh:9[m[K,
                 from [01m[K/home/muratbolu/catkin_ws/src/gazebo_plugin_exercises/src/velodyne_plugin.cpp:5[m[K:
[01m[K/usr/include/gazebo-11/gazebo/physics/Collision.hh:205:28:[m[K [01;31m[Kerror: [m[K‘[01m[Koptional[m[K’ in namespace ‘[01m[Kstd[m[K’ does not name a template type
  205 |       public: virtual std::[01;31m[Koptional[m[K<sdf::SemanticPose> SDFSemanticPose()
      |                            [01;31m[K^~~~~~~~[m[K
[01m[K/usr/include/gazebo-11/gazebo/physics/Collision.hh:205:23:[m[K [01;36m[Knote: [m[K‘[01m[Kstd::optional[m[K’ is only available from C++17 onwards
  205 |       public: virtual [01;36m[Kstd[m[K::optional<sdf::SemanticPose> SDFSemanticPose()
      |                       [01;36m[K^~~[m[K
In file included from [01m[K/usr/include/gazebo-11/gazebo/physics/physics.hh:26[m[K,
                 from [01m[K/home/muratbolu/catkin_ws/src/gazebo_plugin_exercises/src/velodyne_plugin.cpp:5[m[K:
[01m[K/usr/include/gazebo-11/gazebo/physics/Light.hh:78:20:[m[K [01;31m[Kerror: [m[K‘[01m[Koptional[m[K’ in namespace ‘[01m[Kstd[m[K’ does not name a template type
   78 |       public: std::[01;31m[Koptional[m[K<sdf::SemanticPose> SDFSemanticPose() const override;
      |                    [01;31m[K^~~~~~~~[m[K
[01m[K/usr/include/gazebo-11/gazebo/physics/Light.hh:78:15:[m[K [01;36m[Knote: [m[K‘[01m[Kstd::optional[m[K’ is only available from C++17 onwards
   78 |       public: [01;36m[Kstd[m[K::optional<sdf::SemanticPose> SDFSemanticPose() const override;
      |               [01;36m[K^~~[m[K
In file included from [01m[K/usr/include/gazebo-11/gazebo/physics/physics.hh:28[m[K,
                 from [01m[K/home/muratbolu/catkin_ws/src/gazebo_plugin_exercises/src/velodyne_plugin.cpp:5[m[K:
[01m[K/usr/include/gazebo-11/gazebo/physics/Link.hh:617:20:[m[K [01;31m[Kerror: [m[K‘[01m[Koptional[m[K’ in namespace ‘[01m[Kstd[m[K’ does not name a template type
  617 |       public: std::[01;31m[Koptional[m[K<sdf::SemanticPose> SDFSemanticPose() const override;
      |                    [01;31m[K^~~~~~~~[m[K
[01m[K/usr/include/gazebo-11/gazebo/physics/Link.hh:617:15:[m[K [01;36m[Knote: [m[K‘[01m[Kstd::optional[m[K’ is only available from C++17 onwards
  617 |       public: [01;36m[Kstd[m[K::optional<sdf::SemanticPose> SDFSemanticPose() const override;
      |               [01;36m[K^~~[m[K
In file included from [01m[K/usr/include/gazebo-11/gazebo/physics/physics.hh:36[m[K,
                 from [01m[K/home/muratbolu/catkin_ws/src/gazebo_plugin_exercises/src/velodyne_plugin.cpp:5[m[K:
[01m[K/usr/include/gazebo-11/gazebo/physics/PhysicsEngine.hh:[m[K In static member function ‘[01m[Kstatic T gazebo::physics::PhysicsEngine::any_cast(const boost::any&)[m[K’:
[01m[K/usr/include/gazebo-11/gazebo/physics/PhysicsEngine.hh:274:45:[m[K [01;31m[Kerror: [m[K‘[01m[Kany[m[K’ is not a member of ‘[01m[Kstd[m[K’
  274 |           auto value = boost::any_cast<std::[01;31m[Kany[m[K>(_value);
      |                                             [01;31m[K^~~[m[K
[01m[K/usr/include/gazebo-11/gazebo/physics/PhysicsEngine.hh:274:45:[m[K [01;36m[Knote: [m[K‘[01m[Kstd::any[m[K’ is only available from C++17 onwards
[01m[K/usr/include/gazebo-11/gazebo/physics/PhysicsEngine.hh:274:45:[m[K [01;31m[Kerror: [m[K‘[01m[Kany[m[K’ is not a member of ‘[01m[Kstd[m[K’
[01m[K/usr/include/gazebo-11/gazebo/physics/PhysicsEngine.hh:274:45:[m[K [01;36m[Knote: [m[K‘[01m[Kstd::any[m[K’ is only available from C++17 onwards
[01m[K/usr/include/gazebo-11/gazebo/physics/PhysicsEngine.hh:275:23:[m[K [01;31m[Kerror: [m[K‘[01m[Kany_cast[m[K’ is not a member of ‘[01m[Kstd[m[K’
  275 |           return std::[01;31m[Kany_cast[m[K<T>(value);
      |                       [01;31m[K^~~~~~~~[m[K
[01m[K/usr/include/gazebo-11/gazebo/physics/PhysicsEngine.hh:275:23:[m[K [01;36m[Knote: [m[K‘[01m[Kstd::any_cast[m[K’ is only available from C++17 onwards
[01m[K/usr/include/gazebo-11/gazebo/physics/PhysicsEngine.hh:275:33:[m[K [01;31m[Kerror: [m[Kexpected primary-expression before ‘[01m[K>[m[K’ token
  275 |           return std::any_cast<T[01;31m[K>[m[K(value);
      |                                 [01;31m[K^[m[K
In file included from [01m[K/usr/include/sdformat-9.7/sdf/Element.hh:28[m[K,
                 from [01m[K/usr/include/sdformat-9.7/sdf/Actor.hh:25[m[K,
                 from [01m[K/usr/include/sdformat-9.7/sdf/sdf.hh:2[m[K,
                 from [01m[K/usr/include/gazebo-11/gazebo/common/Battery.hh:25[m[K,
                 from [01m[K/usr/include/gazebo-11/gazebo/common/common.hh:8[m[K,
                 from [01m[K/usr/include/gazebo-11/gazebo/gazebo_core.hh:19[m[K,
                 from [01m[K/usr/include/gazebo-11/gazebo/gazebo.hh:20[m[K,
                 from [01m[K/home/muratbolu/catkin_ws/src/gazebo_plugin_exercises/src/velodyne_plugin.cpp:4[m[K:
[01m[K/usr/include/sdformat-9.7/sdf/Param.hh:[m[K In member function ‘[01m[Kstd::string sdf::v9::ParamPrivate::TypeToString() const [with T = double][m[K’:
[01m[K/usr/include/sdformat-9.7/sdf/Param.hh:320:3:[m[K [01;35m[Kwarning: [m[Kcontrol reaches end of non-void function [[01;35m[K-Wreturn-type[m[K]
  320 |   [01;35m[K}[m[K
      |   [01;35m[K^[m[K
make[2]: *** [CMakeFiles/velodyne_plugin.dir/build.make:63: CMakeFiles/velodyne_plugin.dir/src/velodyne_plugin.cpp.o] Error 1
make[1]: *** [CMakeFiles/Makefile2:155: CMakeFiles/velodyne_plugin.dir/all] Error 2
make: *** [Makefile:141: all] Error 2
