[  0%] Built target rosgraph_msgs_generate_messages_cpp
[35m[1mScanning dependencies of target wheelbarrow_plugin[0m
[35m[1mScanning dependencies of target velodyne_plugin[0m
[  0%] Built target rosgraph_msgs_generate_messages_eus
[  0%] Built target roscpp_generate_messages_nodejs
[  0%] Built target std_msgs_generate_messages_eus
[  0%] Built target geometry_msgs_generate_messages_lisp
[  0%] Built target geometry_msgs_generate_messages_cpp
[  0%] Built target geometry_msgs_generate_messages_nodejs
[ 16%] [32mBuilding CXX object CMakeFiles/velodyne_plugin.dir/src/velodyne_plugin.cpp.o[0m
[ 16%] Built target roscpp_generate_messages_eus
[ 33%] [32mBuilding CXX object CMakeFiles/wheelbarrow_plugin.dir/src/wheelbarrow_plugin.cpp.o[0m
[ 33%] Built target roscpp_generate_messages_cpp
[ 33%] Built target geometry_msgs_generate_messages_py
[ 33%] Built target roscpp_generate_messages_py
[ 33%] Built target rosgraph_msgs_generate_messages_py
[ 33%] Built target rosgraph_msgs_generate_messages_lisp
[ 33%] Built target std_msgs_generate_messages_lisp
[ 33%] Built target roscpp_generate_messages_lisp
[ 33%] Built target rosgraph_msgs_generate_messages_nodejs
[ 33%] Built target std_msgs_generate_messages_cpp
[ 33%] Built target std_msgs_generate_messages_py
[ 33%] Built target std_msgs_generate_messages_nodejs
[ 33%] Built target geometry_msgs_generate_messages_eus
[35m[1mScanning dependencies of target twist_publisher[0m
[ 50%] [32mBuilding CXX object CMakeFiles/twist_publisher.dir/src/twist_publisher.cpp.o[0m
[ 66%] [32m[1mLinking CXX executable /home/muratbolu/catkin_ws/devel/.private/gazebo_plugin_exercises/lib/gazebo_plugin_exercises/twist_publisher[0m
[ 66%] Built target twist_publisher
[ 83%] [32m[1mLinking CXX shared library /home/muratbolu/catkin_ws/devel/.private/gazebo_plugin_exercises/lib/libwheelbarrow_plugin.so[0m
[100%] [32m[1mLinking CXX shared library /home/muratbolu/catkin_ws/devel/.private/gazebo_plugin_exercises/lib/libvelodyne_plugin.so[0m
[100%] Built target wheelbarrow_plugin
[100%] Built target velodyne_plugin
