[ 66%] Built target velodyne_plugin
[ 66%] Built target wheelbarrow_plugin
[ 66%] Built target rosgraph_msgs_generate_messages_cpp
[ 66%] Built target rosgraph_msgs_generate_messages_eus
[ 66%] Built target roscpp_generate_messages_nodejs
[ 66%] Built target std_msgs_generate_messages_eus
[ 66%] Built target geometry_msgs_generate_messages_cpp
[ 66%] Built target geometry_msgs_generate_messages_lisp
[ 66%] Built target geometry_msgs_generate_messages_nodejs
[ 66%] Built target roscpp_generate_messages_eus
[ 66%] Built target geometry_msgs_generate_messages_py
[ 66%] Built target roscpp_generate_messages_cpp
[ 66%] Built target rosgraph_msgs_generate_messages_py
[ 66%] Built target roscpp_generate_messages_py
[ 66%] Built target rosgraph_msgs_generate_messages_lisp
[ 66%] Built target std_msgs_generate_messages_lisp
[ 66%] Built target roscpp_generate_messages_lisp
[ 66%] Built target rosgraph_msgs_generate_messages_nodejs
[ 66%] Built target std_msgs_generate_messages_cpp
[ 66%] Built target std_msgs_generate_messages_py
[ 66%] Built target std_msgs_generate_messages_nodejs
[ 66%] Built target geometry_msgs_generate_messages_eus
[100%] Built target twist_publisher
