make all --print-data-base --no-builtin-variables --no-builtin-rules --question
make: *** No rule to make target 'all'.  Stop.

# GNU Make 4.2.1
# Built for x86_64-pc-linux-gnu
# Copyright (C) 1988-2016 Free Software Foundation, Inc.
# License GPLv3+: GNU GPL version 3 or later <http://gnu.org/licenses/gpl.html>
# This is free software: you are free to change and redistribute it.
# There is NO WARRANTY, to the extent permitted by law.

# Make data base, printed on Tue Aug 23 09:52:32 2022

# Variables

# 'override' directive
GNUMAKEFLAGS := 
# automatic
<D = $(patsubst %/,%,$(dir $<))
# automatic
?F = $(notdir $?)
# environment
PAPERSIZE = letter
# environment
DESKTOP_SESSION = ubuntu
# default
.SHELLFLAGS := -c
# environment
XDG_SESSION_CLASS = user
# environment
XDG_SESSION_TYPE = x11
# automatic
?D = $(patsubst %/,%,$(dir $?))
# environment
IM_CONFIG_PHASE = 1
# automatic
@D = $(patsubst %/,%,$(dir $@))
# environment
XAUTHORITY = /run/user/1000/gdm/Xauthority
# environment
GDMSESSION = ubuntu
# environment
XMODIFIERS = @im=ibus
# makefile
CURDIR := /home/muratbolu/catkin_ws
# makefile
SHELL = /bin/sh
# environment
VSCODE_NLS_CONFIG = {"locale":"en-us","availableLanguages":{},"_languagePackSupport":true}
# environment
_ = /usr/share/code/code
# environment
JOURNAL_STREAM = 8:43236
# environment
XDG_CONFIG_DIRS = /etc/xdg/xdg-ubuntu:/etc/xdg
# makefile
MAKEFILE_LIST := 
# automatic
@F = $(notdir $@)
# environment
GIO_LAUNCHED_DESKTOP_FILE = /usr/share/applications/code.desktop
# environment
USERNAME = muratbolu
# environment
MAKELEVEL := 0
# environment
MANDATORY_PATH = /usr/share/gconf/ubuntu.mandatory.path
# environment
XDG_DATA_DIRS = /usr/share/ubuntu:/usr/local/share/:/usr/share/:/var/lib/snapd/desktop
# environment
ROS_ETC_DIR = /opt/ros/noetic/etc/ros
# environment
DBUS_SESSION_BUS_ADDRESS = unix:path=/run/user/1000/bus
# environment
ROS_PACKAGE_PATH = /home/muratbolu/ws_moveit/src/geometric_shapes:/home/muratbolu/ws_moveit/src/moveit/moveit:/home/muratbolu/ws_moveit/src/moveit_msgs:/home/muratbolu/ws_moveit/src/moveit/moveit_planners/moveit_planners:/home/muratbolu/ws_moveit/src/moveit/moveit_plugins/moveit_plugins:/home/muratbolu/ws_moveit/src/moveit_resources/moveit_resources:/home/muratbolu/ws_moveit/src/moveit_resources/dual_panda_moveit_config:/home/muratbolu/ws_moveit/src/moveit_resources/fanuc_description:/home/muratbolu/ws_moveit/src/moveit_resources/fanuc_moveit_config:/home/muratbolu/ws_moveit/src/moveit/moveit_commander:/home/muratbolu/ws_moveit/src/moveit_resources/panda_description:/home/muratbolu/ws_moveit/src/moveit_resources/panda_moveit_config:/home/muratbolu/ws_moveit/src/moveit_resources/pr2_description:/home/muratbolu/ws_moveit/src/moveit_resources/prbt_moveit_config:/home/muratbolu/ws_moveit/src/moveit_resources/prbt_pg70_support:/home/muratbolu/ws_moveit/src/moveit_resources/prbt_support:/home/muratbolu/ws_moveit/src/moveit/moveit_ros/moveit_ros:/home/muratbolu/ws_moveit/src/moveit/moveit_runtime:/home/muratbolu/ws_moveit/src/panda_moveit_config:/home/muratbolu/ws_moveit/src/rviz_visual_tools:/home/muratbolu/ws_moveit/src/srdfdom:/home/muratbolu/ws_moveit/src/moveit/moveit_core:/home/muratbolu/ws_moveit/src/moveit/moveit_planners/chomp/chomp_motion_planner:/home/muratbolu/ws_moveit/src/moveit/moveit_planners/chomp/chomp_optimizer_adapter:/home/muratbolu/ws_moveit/src/moveit_resources/prbt_ikfast_manipulator_plugin:/home/muratbolu/ws_moveit/src/moveit/moveit_ros/occupancy_map_monitor:/home/muratbolu/ws_moveit/src/moveit/moveit_ros/planning:/home/muratbolu/ws_moveit/src/moveit/moveit_plugins/moveit_fake_controller_manager:/home/muratbolu/ws_moveit/src/moveit/moveit_kinematics:/home/muratbolu/ws_moveit/src/moveit/moveit_planners/ompl:/home/muratbolu/ws_moveit/src/moveit/moveit_ros/move_group:/home/muratbolu/ws_moveit/src/moveit/moveit_ros/manipulation:/home/muratbolu/ws_moveit/src/moveit/moveit_ros/perception:/home/muratbolu/ws_moveit/src/moveit/moveit_ros/robot_interaction:/home/muratbolu/ws_moveit/src/moveit/moveit_ros/warehouse:/home/muratbolu/ws_moveit/src/moveit/moveit_ros/benchmarks:/home/muratbolu/ws_moveit/src/moveit/moveit_ros/planning_interface:/home/muratbolu/ws_moveit/src/moveit/moveit_planners/chomp/chomp_interface:/home/muratbolu/ws_moveit/src/moveit/moveit_ros/visualization:/home/muratbolu/ws_moveit/src/moveit/moveit_ros/moveit_servo:/home/muratbolu/ws_moveit/src/moveit/moveit_setup_assistant:/home/muratbolu/ws_moveit/src/moveit/moveit_plugins/moveit_simple_controller_manager:/home/muratbolu/ws_moveit/src/moveit/moveit_plugins/moveit_ros_control_interface:/home/muratbolu/ws_moveit/src/moveit_visual_tools:/home/muratbolu/ws_moveit/src/moveit_tutorials:/home/muratbolu/ws_moveit/src/moveit/moveit_planners/pilz_industrial_motion_planner_testutils:/home/muratbolu/ws_moveit/src/moveit/moveit_planners/pilz_industrial_motion_planner:/opt/ros/noetic/share
# environment
MANAGERPID = 1584
# environment
ROS_PYTHON_VERSION = 3
# environment
LESSOPEN = | /usr/bin/lesspipe %s
# environment
LC_NAME = en_US.UTF-8
# environment
VSCODE_CWD = /home/muratbolu
# default
MAKE_HOST := x86_64-pc-linux-gnu
# environment
PATH = /home/muratbolu/.local/bin:/home/muratbolu/bin:/opt/ros/noetic/bin:/home/muratbolu/.local/bin:/home/muratbolu/bin:/usr/local/sbin:/usr/local/bin:/usr/sbin:/usr/bin:/sbin:/bin:/usr/games:/usr/local/games:/snap/bin
# environment
XDG_SESSION_DESKTOP = ubuntu
# environment
GPG_AGENT_INFO = /run/user/1000/gnupg/S.gpg-agent:0:1
# environment
GJS_DEBUG_OUTPUT = stderr
# environment
SESSION_MANAGER = local/muratbolu-MacBookPro:@/tmp/.ICE-unix/1799,unix/muratbolu-MacBookPro:/tmp/.ICE-unix/1799
# environment
XDG_RUNTIME_DIR = /run/user/1000
# environment
ROS_ROOT = /opt/ros/noetic/share/ros
# environment
XDG_MENU_PREFIX = gnome-
# environment
ELECTRON_RUN_AS_NODE = 1
# environment
INVOCATION_ID = cd3f524920e14c77a64b37b36375372a
# default
.FEATURES := target-specific order-only second-expansion else-if shortest-stem undefine oneshell archives jobserver output-sync check-symlink load
# environment
CMAKE_PREFIX_PATH = /home/muratbolu/ws_moveit/devel:/opt/ros/noetic
# environment
LS_COLORS = 
# environment
ROS_DISTRO = noetic
# environment
SSH_AUTH_SOCK = /run/user/1000/keyring/ssh
# environment
GIO_LAUNCHED_DESKTOP_FILE_PID = 12131
# automatic
%F = $(notdir $%)
# environment
DISPLAY = :0
# environment
PWD = /home/muratbolu/catkin_ws
# default
.LOADED := 
# environment
SSH_AGENT_PID = 1761
# environment
PKG_CONFIG_PATH = /home/muratbolu/ws_moveit/devel/lib/pkgconfig:/opt/ros/noetic/lib/pkgconfig:/opt/ros/noetic/lib/x86_64-linux-gnu/pkgconfig
# environment
ORIGINAL_XDG_CURRENT_DESKTOP = ubuntu:GNOME
# environment
GTK_MODULES = gail:atk-bridge
# environment
VSCODE_AMD_ENTRYPOINT = vs/workbench/api/node/extensionHostProcess
# environment
HOME = /home/muratbolu
# environment
LD_LIBRARY_PATH = /home/muratbolu/ws_moveit/devel/lib:/opt/ros/noetic/lib:/opt/ros/noetic/lib/x86_64-linux-gnu
# environment
LESSCLOSE = /usr/bin/lesspipe %s %s
# environment
VSCODE_CODE_CACHE_PATH = /home/muratbolu/.config/Code/CachedData/e4503b30fc78200f846c62cf8091b76ff5547662
# environment
LOGNAME = muratbolu
# environment
APPLICATION_INSIGHTS_NO_DIAGNOSTIC_CHANNEL = 1
# automatic
+F = $(notdir $+)
# environment
VSCODE_HANDLES_UNCAUGHT_ERRORS = true
# environment
GNOME_DESKTOP_SESSION_ID = this-is-deprecated
# automatic
^D = $(patsubst %/,%,$(dir $^))
# environment
LC_TIME = en_US.UTF-8
# default
MAKE = $(MAKE_COMMAND)
# default
MAKECMDGOALS := all
# environment
QT_IM_MODULE = ibus
# environment
SHLVL = 0
# environment
GNOME_SHELL_SESSION_MODE = ubuntu
# default
MAKE_VERSION := 4.2.1
# environment
USER = muratbolu
# environment
LC_MONETARY = en_US.UTF-8
# makefile
.DEFAULT_GOAL := 
# environment
XDG_CURRENT_DESKTOP = Unity
# environment
ROSLISP_PACKAGE_DIRECTORIES = /home/muratbolu/ws_moveit/devel/share/common-lisp
# automatic
%D = $(patsubst %/,%,$(dir $%))
# environment
LC_TELEPHONE = en_US.UTF-8
# default
MAKE_COMMAND := make
# default
.VARIABLES := 
# automatic
*F = $(notdir $*)
# environment
LANGUAGE = C.UTF-8
# environment
VSCODE_IPC_HOOK = /run/user/1000/vscode-01832d74-1.70.2-main.sock
# environment
PYTHONPATH = /home/muratbolu/ws_moveit/devel/lib/python3/dist-packages:/opt/ros/noetic/lib/python3/dist-packages
# makefile
MAKEFLAGS = pqrR
# environment
MFLAGS = -pqrR
# automatic
*D = $(patsubst %/,%,$(dir $*))
# environment
ROS_VERSION = 1
# automatic
+D = $(patsubst %/,%,$(dir $+))
# environment
GDK_BACKEND = x11
# environment
LC_PAPER = en_US.UTF-8
# environment
QT_ACCESSIBILITY = 1
# environment
DEFAULTS_PATH = /usr/share/gconf/ubuntu.default.path
# default
MAKEFILES := 
# environment
LC_NUMERIC = en_US.UTF-8
# automatic
<F = $(notdir $<)
# environment
LC_MEASUREMENT = en_US.UTF-8
# environment
ROS_MASTER_URI = http://localhost:11311
# environment
LC_ALL = C
# environment
GJS_DEBUG_TOPICS = JS ERROR;JS LOG
# automatic
^F = $(notdir $^)
# default
SUFFIXES := 
# environment
CHROME_DESKTOP = code-url-handler.desktop
# environment
WINDOWPATH = 2
# default
.INCLUDE_DIRS = /usr/include /usr/local/include /usr/include
# environment
LC_IDENTIFICATION = en_US.UTF-8
# default
.RECIPEPREFIX := 
# environment
LC_ADDRESS = en_US.UTF-8
# environment
LANG = C
# environment
VSCODE_PID = 12131
# variable set hash-table stats:
# Load=117/1024=11%, Rehash=0, Collisions=18/139=13%

# Pattern-specific Variable Values

# No pattern-specific variable values.

# Directories

# . (device 2050, inode 11945400): 10 files, no impossibilities.

# 10 files, no impossibilities in 1 directories.

# Implicit Rules

# No implicit rules.

# Files

# Not a target:
all:
#  Command line target.
#  Implicit rule search has been done.
#  File does not exist.
#  File has not been updated.

# Not a target:
Makefile:
#  Implicit rule search has been done.
#  File does not exist.
#  File has been updated.
#  Failed to be updated.

# Not a target:
makefile:
#  Implicit rule search has been done.
#  File does not exist.
#  File has been updated.
#  Failed to be updated.

# Not a target:
.DEFAULT:
#  Implicit rule search has not been done.
#  Modification time never checked.
#  File has not been updated.

# Not a target:
GNUmakefile:
#  Implicit rule search has been done.
 
#  File does not exist.
#  File has been updated.
#  Failed to be updated.

# files hash-table stats:
# Load=6/1024=1%, Rehash=0, Collisions=0/15=0%
# VPATH Search Paths

# No 'vpath' search paths.

# No general ('VPATH' variable) search path.

# strcache buffers: 1 (0) / strings = 18 / storage = 160 B / avg = 8 B
# current buf: size = 8162 B / used = 160 B / count = 18 / avg = 8 B

# strcache performance: lookups = 21 / hit rate = 14%
# hash-table stats:
# Load=18/8192=0%, Rehash=0, Collisions=1/21=5%
# Finished Make data base on Tue Aug 23 09:52:32 2022

 
