In file included from [01m[K/opt/ros/noetic/include/ros/ros.h:40[m[K,
                 from [01m[K/home/muratbolu/catkin_ws/src/ros_exercises/include/ros_exercises/prime.h:1[m[K,
                 from [01m[K/home/muratbolu/catkin_ws/src/ros_exercises/src/prime.cpp:1[m[K:
[01m[K/home/muratbolu/catkin_ws/src/ros_exercises/src/prime.cpp:[m[K In member function ‘[01m[Kvoid prime_application::printer_function()[m[K’:
[01m[K/home/muratbolu/catkin_ws/src/ros_exercises/src/prime.cpp:39:22:[m[K [01;35m[Kwarning: [m[Kformat ‘[01m[K%d[m[K’ expects argument of type ‘[01m[Kint[m[K’, but argument 8 has type ‘[01m[Kstd::vector<long unsigned int>::size_type[m[K’ {aka ‘[01m[Klong unsigned int[m[K’} [[01;35m[K-Wformat=[m[K]
   39 |             ROS_INFO([01;35m[K"%d"[m[K, [32m[Kprimes_lst.data.size()[m[K);
      |                      [01;35m[K^~~~[m[K  [32m[K~~~~~~~~~~~~~~~~~~~~~~[m[K
      |                                                [32m[K|[m[K
      |                                                [32m[Kstd::vector<long unsigned int>::size_type {aka long unsigned int}[m[K
[01m[K/opt/ros/noetic/include/ros/console.h:351:165:[m[K [01;36m[Knote: [m[Kin definition of macro ‘[01m[KROSCONSOLE_PRINT_AT_LOCATION_WITH_FILTER[m[K’
  351 |     ::ros::console::print(filter, __rosconsole_define_location__loc.logger_, __rosconsole_define_location__loc.level_, __FILE__, __LINE__, __ROSCONSOLE_FUNCTION__, [01;36m[K__VA_ARGS__[m[K)
      |                                                                                                                                                                     [01;36m[K^~~~~~~~~~~[m[K
[01m[K/opt/ros/noetic/include/ros/console.h:390:7:[m[K [01;36m[Knote: [m[Kin expansion of macro ‘[01m[KROSCONSOLE_PRINT_AT_LOCATION[m[K’
  390 |       [01;36m[KROSCONSOLE_PRINT_AT_LOCATION[m[K(__VA_ARGS__); \
      |       [01;36m[K^~~~~~~~~~~~~~~~~~~~~~~~~~~~[m[K
[01m[K/opt/ros/noetic/include/ros/console.h:575:35:[m[K [01;36m[Knote: [m[Kin expansion of macro ‘[01m[KROS_LOG_COND[m[K’
  575 | #define ROS_LOG(level, name, ...) [01;36m[KROS_LOG_COND[m[K(true, level, name, __VA_ARGS__)
      |                                   [01;36m[K^~~~~~~~~~~~[m[K
[01m[K/opt/ros/noetic/include/rosconsole/macros_generated.h:110:23:[m[K [01;36m[Knote: [m[Kin expansion of macro ‘[01m[KROS_LOG[m[K’
  110 | #define ROS_INFO(...) [01;36m[KROS_LOG[m[K(::ros::console::levels::Info, ROSCONSOLE_DEFAULT_NAME, __VA_ARGS__)
      |                       [01;36m[K^~~~~~~[m[K
[01m[K/home/muratbolu/catkin_ws/src/ros_exercises/src/prime.cpp:39:13:[m[K [01;36m[Knote: [m[Kin expansion of macro ‘[01m[KROS_INFO[m[K’
   39 |             [01;36m[KROS_INFO[m[K("%d", primes_lst.data.size());
      |             [01;36m[K^~~~~~~~[m[K
[01m[K/home/muratbolu/catkin_ws/src/ros_exercises/src/prime.cpp:39:24:[m[K [01;36m[Knote: [m[Kformat string is defined here
   39 |             ROS_INFO("[01;36m[K%d[m[K", primes_lst.data.size());
      |                       [01;36m[K~^[m[K
      |                        [01;36m[K|[m[K
      |                        [01;36m[Kint[m[K
      |                       [32m[K%ld[m[K
