[  0%] Built target _ros_exercises_generate_messages_check_deps_find_min_array
[  0%] Built target _ros_exercises_generate_messages_check_deps_compute_statistics
[  0%] Built target std_msgs_generate_messages_cpp
[  0%] Built target _ros_exercises_generate_messages_check_deps_primes_list
[  0%] Built target _ros_exercises_generate_messages_check_deps_check_palindrome
[  0%] Built target std_msgs_generate_messages_py
[  0%] Built target rosgraph_msgs_generate_messages_eus
[  0%] Built target rosgraph_msgs_generate_messages_cpp
[  0%] Built target roscpp_generate_messages_nodejs
[  0%] Built target std_msgs_generate_messages_eus
[  0%] Built target roscpp_generate_messages_eus
[  0%] Built target roscpp_generate_messages_cpp
[  0%] Built target roscpp_generate_messages_py
[  0%] Built target rosgraph_msgs_generate_messages_py
[  0%] Built target rosgraph_msgs_generate_messages_lisp
[  0%] Built target std_msgs_generate_messages_lisp
[  0%] Built target roscpp_generate_messages_lisp
[  0%] Built target rosgraph_msgs_generate_messages_nodejs
[  0%] Built target std_msgs_generate_messages_nodejs
[ 14%] Built target ros_exercises_generate_messages_py
[ 26%] Built target ros_exercises_generate_messages_eus
[ 36%] Built target ros_exercises_generate_messages_lisp
[ 46%] Built target ros_exercises_generate_messages_cpp
[ 56%] Built target ros_exercises_generate_messages_nodejs
[ 65%] Built target prime_publisher
[ 65%] Built target ros_exercises_gencpp
[ 65%] Built target ros_exercises_generate_messages
[ 70%] Built target find_min_array_client
[ 78%] Built target statistics_server
[ 85%] Built target find_min_array_server
[ 90%] Built target palindrome_client
[ 95%] Built target palindrome_server
[100%] Built target statistics_client
