In file included from [01m[K/home/muratbolu/catkin_ws/src/ros_exercises/src/prime_publisher.cpp:5[m[K:
/usr/include/c++/9/thread: In instantiation of ‘[01m[Kstd::thread::thread(_Callable&&, _Args&& ...) [with _Callable = void (&)(ros_exercises::primes_list_<std::allocator<void> >&, prime_namespace::prime_class&, std::mutex); _Args = {std::reference_wrapper<ros_exercises::primes_list_<std::allocator<void> > >, std::reference_wrapper<prime_namespace::prime_class>, std::reference_wrapper<std::mutex>}; <template-parameter-1-3> = void][m[K’:
[01m[K/home/muratbolu/catkin_ws/src/ros_exercises/src/prime_publisher.cpp:44:105:[m[K   required from here
[01m[K/usr/include/c++/9/thread:120:44:[m[K [01;31m[Kerror: [m[Kstatic assertion failed: std::thread arguments must be invocable after conversion to rvalues
  120 |           typename decay<_Args>::type...>::[01;31m[Kvalue[m[K,
      |                                            [01;31m[K^~~~~[m[K
/usr/include/c++/9/thread: In instantiation of ‘[01m[Kstruct std::thread::_Invoker<std::tuple<void (*)(ros_exercises::primes_list_<std::allocator<void> >&, prime_namespace::prime_class&, std::mutex), std::reference_wrapper<ros_exercises::primes_list_<std::allocator<void> > >, std::reference_wrapper<prime_namespace::prime_class>, std::reference_wrapper<std::mutex> > >[m[K’:
[01m[K/usr/include/c++/9/thread:131:22:[m[K   required from ‘[01m[Kstd::thread::thread(_Callable&&, _Args&& ...) [with _Callable = void (&)(ros_exercises::primes_list_<std::allocator<void> >&, prime_namespace::prime_class&, std::mutex); _Args = {std::reference_wrapper<ros_exercises::primes_list_<std::allocator<void> > >, std::reference_wrapper<prime_namespace::prime_class>, std::reference_wrapper<std::mutex>}; <template-parameter-1-3> = void][m[K’
[01m[K/home/muratbolu/catkin_ws/src/ros_exercises/src/prime_publisher.cpp:44:105:[m[K   required from here
[01m[K/usr/include/c++/9/thread:243:4:[m[K [01;31m[Kerror: [m[Kno type named ‘[01m[Ktype[m[K’ in ‘[01m[Kstruct std::thread::_Invoker<std::tuple<void (*)(ros_exercises::primes_list_<std::allocator<void> >&, prime_namespace::prime_class&, std::mutex), std::reference_wrapper<ros_exercises::primes_list_<std::allocator<void> > >, std::reference_wrapper<prime_namespace::prime_class>, std::reference_wrapper<std::mutex> > >::__result<std::tuple<void (*)(ros_exercises::primes_list_<std::allocator<void> >&, prime_namespace::prime_class&, std::mutex), std::reference_wrapper<ros_exercises::primes_list_<std::allocator<void> > >, std::reference_wrapper<prime_namespace::prime_class>, std::reference_wrapper<std::mutex> > >[m[K’
  243 |    [01;31m[K_M_invoke[m[K(_Index_tuple<_Ind...>)
      |    [01;31m[K^~~~~~~~~[m[K
[01m[K/usr/include/c++/9/thread:247:2:[m[K [01;31m[Kerror: [m[Kno type named ‘[01m[Ktype[m[K’ in ‘[01m[Kstruct std::thread::_Invoker<std::tuple<void (*)(ros_exercises::primes_list_<std::allocator<void> >&, prime_namespace::prime_class&, std::mutex), std::reference_wrapper<ros_exercises::primes_list_<std::allocator<void> > >, std::reference_wrapper<prime_namespace::prime_class>, std::reference_wrapper<std::mutex> > >::__result<std::tuple<void (*)(ros_exercises::primes_list_<std::allocator<void> >&, prime_namespace::prime_class&, std::mutex), std::reference_wrapper<ros_exercises::primes_list_<std::allocator<void> > >, std::reference_wrapper<prime_namespace::prime_class>, std::reference_wrapper<std::mutex> > >[m[K’
  247 |  [01;31m[Koperator[m[K()()
      |  [01;31m[K^~~~~~~~[m[K
/usr/include/c++/9/thread: In instantiation of ‘[01m[Kstd::thread::thread(_Callable&&, _Args&& ...) [with _Callable = void (&)(ros::Publisher&, ros::Rate&, const ros_exercises::primes_list_<std::allocator<void> >&, std::mutex); _Args = {std::reference_wrapper<ros::Publisher>, std::reference_wrapper<ros::Rate>, std::reference_wrapper<ros_exercises::primes_list_<std::allocator<void> > >, std::reference_wrapper<std::mutex>}; <template-parameter-1-3> = void][m[K’:
[01m[K/home/muratbolu/catkin_ws/src/ros_exercises/src/prime_publisher.cpp:45:122:[m[K   required from here
[01m[K/usr/include/c++/9/thread:120:44:[m[K [01;31m[Kerror: [m[Kstatic assertion failed: std::thread arguments must be invocable after conversion to rvalues
  120 |           typename decay<_Args>::type...>::[01;31m[Kvalue[m[K,
      |                                            [01;31m[K^~~~~[m[K
/usr/include/c++/9/thread: In instantiation of ‘[01m[Kstruct std::thread::_Invoker<std::tuple<void (*)(ros::Publisher&, ros::Rate&, const ros_exercises::primes_list_<std::allocator<void> >&, std::mutex), std::reference_wrapper<ros::Publisher>, std::reference_wrapper<ros::Rate>, std::reference_wrapper<ros_exercises::primes_list_<std::allocator<void> > >, std::reference_wrapper<std::mutex> > >[m[K’:
[01m[K/usr/include/c++/9/thread:131:22:[m[K   required from ‘[01m[Kstd::thread::thread(_Callable&&, _Args&& ...) [with _Callable = void (&)(ros::Publisher&, ros::Rate&, const ros_exercises::primes_list_<std::allocator<void> >&, std::mutex); _Args = {std::reference_wrapper<ros::Publisher>, std::reference_wrapper<ros::Rate>, std::reference_wrapper<ros_exercises::primes_list_<std::allocator<void> > >, std::reference_wrapper<std::mutex>}; <template-parameter-1-3> = void][m[K’
[01m[K/home/muratbolu/catkin_ws/src/ros_exercises/src/prime_publisher.cpp:45:122:[m[K   required from here
[01m[K/usr/include/c++/9/thread:243:4:[m[K [01;31m[Kerror: [m[Kno type named ‘[01m[Ktype[m[K’ in ‘[01m[Kstruct std::thread::_Invoker<std::tuple<void (*)(ros::Publisher&, ros::Rate&, const ros_exercises::primes_list_<std::allocator<void> >&, std::mutex), std::reference_wrapper<ros::Publisher>, std::reference_wrapper<ros::Rate>, std::reference_wrapper<ros_exercises::primes_list_<std::allocator<void> > >, std::reference_wrapper<std::mutex> > >::__result<std::tuple<void (*)(ros::Publisher&, ros::Rate&, const ros_exercises::primes_list_<std::allocator<void> >&, std::mutex), std::reference_wrapper<ros::Publisher>, std::reference_wrapper<ros::Rate>, std::reference_wrapper<ros_exercises::primes_list_<std::allocator<void> > >, std::reference_wrapper<std::mutex> > >[m[K’
  243 |    [01;31m[K_M_invoke[m[K(_Index_tuple<_Ind...>)
      |    [01;31m[K^~~~~~~~~[m[K
[01m[K/usr/include/c++/9/thread:247:2:[m[K [01;31m[Kerror: [m[Kno type named ‘[01m[Ktype[m[K’ in ‘[01m[Kstruct std::thread::_Invoker<std::tuple<void (*)(ros::Publisher&, ros::Rate&, const ros_exercises::primes_list_<std::allocator<void> >&, std::mutex), std::reference_wrapper<ros::Publisher>, std::reference_wrapper<ros::Rate>, std::reference_wrapper<ros_exercises::primes_list_<std::allocator<void> > >, std::reference_wrapper<std::mutex> > >::__result<std::tuple<void (*)(ros::Publisher&, ros::Rate&, const ros_exercises::primes_list_<std::allocator<void> >&, std::mutex), std::reference_wrapper<ros::Publisher>, std::reference_wrapper<ros::Rate>, std::reference_wrapper<ros_exercises::primes_list_<std::allocator<void> > >, std::reference_wrapper<std::mutex> > >[m[K’
  247 |  [01;31m[Koperator[m[K()()
      |  [01;31m[K^~~~~~~~[m[K
make[2]: *** [CMakeFiles/prime_publisher.dir/build.make:63: CMakeFiles/prime_publisher.dir/src/prime_publisher.cpp.o] Error 1
make[1]: *** [CMakeFiles/Makefile2:515: CMakeFiles/prime_publisher.dir/all] Error 2
make: *** [Makefile:141: all] Error 2
